<?xml version="1.0" encoding="UTF-8"?>
<robot generator="Robot 5.0.1 (Python 3.11.0 on darwin)" generated="20240912 13:03:01.703" rpa="false" schemaversion="3">
<suite id="s1" name="Robo" source="/Users/ojas/Documents/firstrobo/robo.robot">
<test id="s1-t1" name="Schedule and Run Google Sheets Automation" line="14">
<kw name="Log To Console" library="BuiltIn">
<arg>Starting scheduler. Will run script at ${SCHEDULED_TIME}</arg>
<doc>Logs the given message to the console.</doc>
<status status="PASS" starttime="20240912 13:03:01.727" endtime="20240912 13:03:01.728"/>
</kw>
<kw name="Get Time" library="BuiltIn">
<var>${manual_run}</var>
<arg>format=%H:%M</arg>
<doc>Returns the given time in the requested format.</doc>
<msg timestamp="20240912 13:03:01.728" level="INFO">${manual_run} = 2024-09-12 13:03:01</msg>
<status status="PASS" starttime="20240912 13:03:01.728" endtime="20240912 13:03:01.728"/>
</kw>
<kw name="Set Global Variable" library="BuiltIn">
<arg>${MANUAL_RUN_TIME}</arg>
<arg>${manual_run}</arg>
<doc>Makes a variable available globally in all tests and suites.</doc>
<msg timestamp="20240912 13:03:01.729" level="INFO">${MANUAL_RUN_TIME} = 2024-09-12 13:03:01</msg>
<status status="PASS" starttime="20240912 13:03:01.728" endtime="20240912 13:03:01.729"/>
</kw>
<kw name="Log To Console" library="BuiltIn">
<arg>Manual run time set to: ${MANUAL_RUN_TIME}</arg>
<doc>Logs the given message to the console.</doc>
<status status="PASS" starttime="20240912 13:03:01.729" endtime="20240912 13:03:01.729"/>
</kw>
<for flavor="IN RANGE">
<var>${i}</var>
<value>999999 #loop will go till infinite</value>
<iter>
<var name="${i}">0</var>
<kw name="Get Current Date" library="DateTime">
<var>${current_time}</var>
<arg>result_format=datetime</arg>
<doc>Returns current local or UTC time with an optional increment.</doc>
<msg timestamp="20240912 13:03:01.743" level="INFO">${current_time} = 2024-09-12 13:03:01.743228</msg>
<status status="PASS" starttime="20240912 13:03:01.743" endtime="20240912 13:03:01.743"/>
</kw>
<kw name="Convert Date" library="DateTime">
<var>${formatted_time}</var>
<arg>${current_time}</arg>
<arg>result_format=%H:%M</arg>
<doc>Converts between supported `date formats`.</doc>
<msg timestamp="20240912 13:03:01.744" level="INFO">${formatted_time} = 13:03</msg>
<status status="PASS" starttime="20240912 13:03:01.743" endtime="20240912 13:03:01.744"/>
</kw>
<kw name="Log To Console" library="BuiltIn">
<arg>Current time: ${formatted_time}</arg>
<doc>Logs the given message to the console.</doc>
<status status="PASS" starttime="20240912 13:03:01.744" endtime="20240912 13:03:01.744"/>
</kw>
<kw name="Run Keyword If" library="BuiltIn">
<arg>'${formatted_time}' == '${SCHEDULED_TIME}' or '${formatted_time}' == '${MANUAL_RUN_TIME}'</arg>
<arg>Run Python Script</arg>
<arg>${formatted_time}</arg>
<arg>ELSE</arg>
<arg>Log To Console</arg>
<arg>Not time to run script yet (${formatted_time})</arg>
<doc>Runs the given keyword with the given arguments, if ``condition`` is true.</doc>
<kw name="Log To Console" library="BuiltIn">
<arg>Not time to run script yet (${formatted_time})</arg>
<doc>Logs the given message to the console.</doc>
<status status="PASS" starttime="20240912 13:03:01.744" endtime="20240912 13:03:01.744"/>
</kw>
<status status="PASS" starttime="20240912 13:03:01.744" endtime="20240912 13:03:01.744"/>
</kw>
<kw name="Sleep" library="BuiltIn">
<arg>60s</arg>
<doc>Pauses the test executed for the given time.</doc>
<msg timestamp="20240912 13:04:01.747" level="INFO">Slept 1 minute</msg>
<status status="PASS" starttime="20240912 13:03:01.744" endtime="20240912 13:04:01.749"/>
</kw>
<status status="PASS" starttime="20240912 13:03:01.743" endtime="20240912 13:04:01.749"/>
</iter>
<iter>
<var name="${i}">1</var>
<kw name="Get Current Date" library="DateTime">
<var>${current_time}</var>
<arg>result_format=datetime</arg>
<doc>Returns current local or UTC time with an optional increment.</doc>
<msg timestamp="20240912 13:04:01.751" level="INFO">${current_time} = 2024-09-12 13:04:01.751301</msg>
<status status="PASS" starttime="20240912 13:04:01.751" endtime="20240912 13:04:01.751"/>
</kw>
<kw name="Convert Date" library="DateTime">
<var>${formatted_time}</var>
<arg>${current_time}</arg>
<arg>result_format=%H:%M</arg>
<doc>Converts between supported `date formats`.</doc>
<msg timestamp="20240912 13:04:01.752" level="INFO">${formatted_time} = 13:04</msg>
<status status="PASS" starttime="20240912 13:04:01.752" endtime="20240912 13:04:01.752"/>
</kw>
<kw name="Log To Console" library="BuiltIn">
<arg>Current time: ${formatted_time}</arg>
<doc>Logs the given message to the console.</doc>
<status status="PASS" starttime="20240912 13:04:01.753" endtime="20240912 13:04:01.753"/>
</kw>
<kw name="Run Keyword If" library="BuiltIn">
<arg>'${formatted_time}' == '${SCHEDULED_TIME}' or '${formatted_time}' == '${MANUAL_RUN_TIME}'</arg>
<arg>Run Python Script</arg>
<arg>${formatted_time}</arg>
<arg>ELSE</arg>
<arg>Log To Console</arg>
<arg>Not time to run script yet (${formatted_time})</arg>
<doc>Runs the given keyword with the given arguments, if ``condition`` is true.</doc>
<kw name="Run Python Script">
<arg>${formatted_time}</arg>
<kw name="Log To Console" library="BuiltIn">
<arg>Attempting to run Python script at ${execution_time}</arg>
<doc>Logs the given message to the console.</doc>
<status status="PASS" starttime="20240912 13:04:01.755" endtime="20240912 13:04:01.773"/>
</kw>
<kw name="Run Process" library="Process">
<var>${result}</var>
<arg>python</arg>
<arg>${PYTHON_SCRIPT}</arg>
<arg>shell=True</arg>
<arg>stdout=/Users/ojas/Documents/firstrobo/python_output.log</arg>
<arg>stderr=/Users/ojas/Documents/firstrobo/python_error.log</arg>
<doc>Runs a process and waits for it to complete.</doc>
<msg timestamp="20240912 13:04:01.775" level="INFO">Starting process:
python /Users/ojas/Documents/firstrobo/tasks.py</msg>
<msg timestamp="20240912 13:04:01.779" level="INFO">Waiting for process to complete.</msg>
<msg timestamp="20240912 13:04:06.100" level="INFO">Process completed.</msg>
<msg timestamp="20240912 13:04:06.101" level="INFO">${result} = &lt;result object with rc 0&gt;</msg>
<status status="PASS" starttime="20240912 13:04:01.773" endtime="20240912 13:04:06.101"/>
</kw>
<kw name="Get File" library="OperatingSystem">
<var>${stdout}</var>
<arg>/Users/ojas/Documents/firstrobo/python_output.log</arg>
<doc>Returns the contents of a specified file.</doc>
<msg timestamp="20240912 13:04:06.101" level="INFO" html="true">Getting file '&lt;a href="file:///Users/ojas/Documents/firstrobo/python_output.log"&gt;/Users/ojas/Documents/firstrobo/python_output.log&lt;/a&gt;'.</msg>
<msg timestamp="20240912 13:04:06.101" level="INFO">${stdout} = 13086 cells updated in Sheet2.
</msg>
<status status="PASS" starttime="20240912 13:04:06.101" endtime="20240912 13:04:06.101"/>
</kw>
<kw name="Get File" library="OperatingSystem">
<var>${stderr}</var>
<arg>/Users/ojas/Documents/firstrobo/python_error.log</arg>
<doc>Returns the contents of a specified file.</doc>
<msg timestamp="20240912 13:04:06.102" level="INFO" html="true">Getting file '&lt;a href="file:///Users/ojas/Documents/firstrobo/python_error.log"&gt;/Users/ojas/Documents/firstrobo/python_error.log&lt;/a&gt;'.</msg>
<msg timestamp="20240912 13:04:06.102" level="INFO">${stderr} = </msg>
<status status="PASS" starttime="20240912 13:04:06.101" endtime="20240912 13:04:06.102"/>
</kw>
<kw name="Log To Console" library="BuiltIn">
<arg>Python script output:</arg>
<doc>Logs the given message to the console.</doc>
<status status="PASS" starttime="20240912 13:04:06.102" endtime="20240912 13:04:06.102"/>
</kw>
<kw name="Log To Console" library="BuiltIn">
<arg>${stdout}</arg>
<doc>Logs the given message to the console.</doc>
<status status="PASS" starttime="20240912 13:04:06.102" endtime="20240912 13:04:06.102"/>
</kw>
<kw name="Log To Console" library="BuiltIn">
<arg>Python script error output:</arg>
<doc>Logs the given message to the console.</doc>
<status status="PASS" starttime="20240912 13:04:06.102" endtime="20240912 13:04:06.102"/>
</kw>
<kw name="Log To Console" library="BuiltIn">
<arg>${stderr}</arg>
<doc>Logs the given message to the console.</doc>
<status status="PASS" starttime="20240912 13:04:06.102" endtime="20240912 13:04:06.103"/>
</kw>
<kw name="Run Keyword And Return Status" library="BuiltIn">
<var>${status}</var>
<arg>Should Be Equal As Integers</arg>
<arg>${result.rc}</arg>
<arg>0</arg>
<doc>Runs the given keyword with given arguments and returns the status as a Boolean value.</doc>
<kw name="Should Be Equal As Integers" library="BuiltIn">
<arg>${result.rc}</arg>
<arg>0</arg>
<doc>Fails if objects are unequal after converting them to integers.</doc>
<msg timestamp="20240912 13:04:06.103" level="INFO">Argument types are:
&lt;class 'int'&gt;
&lt;class 'str'&gt;</msg>
<status status="PASS" starttime="20240912 13:04:06.103" endtime="20240912 13:04:06.104"/>
</kw>
<msg timestamp="20240912 13:04:06.104" level="INFO">${status} = True</msg>
<status status="PASS" starttime="20240912 13:04:06.103" endtime="20240912 13:04:06.104"/>
</kw>
<kw name="Run Keyword If" library="BuiltIn">
<arg>not ${status}</arg>
<arg>Log To Console</arg>
<arg>ERROR: Python script failed with return code ${result.rc}</arg>
<arg>ELSE IF</arg>
<arg>'${stderr}' != ''</arg>
<arg>Log To Console</arg>
<arg>WARNING: Python script encountered errors: ${stderr}</arg>
<arg>ELSE</arg>
<arg>Log To Console</arg>
<arg>Script executed successfully at ${execution_time}</arg>
<doc>Runs the given keyword with the given arguments, if ``condition`` is true.</doc>
<kw name="Log To Console" library="BuiltIn">
<arg>Script executed successfully at ${execution_time}</arg>
<doc>Logs the given message to the console.</doc>
<status status="PASS" starttime="20240912 13:04:06.104" endtime="20240912 13:04:06.104"/>
</kw>
<status status="PASS" starttime="20240912 13:04:06.104" endtime="20240912 13:04:06.104"/>
</kw>
<status status="PASS" starttime="20240912 13:04:01.754" endtime="20240912 13:04:06.104"/>
</kw>
<status status="PASS" starttime="20240912 13:04:01.753" endtime="20240912 13:04:06.104"/>
</kw>
<kw name="Sleep" library="BuiltIn">
<arg>60s</arg>
<doc>Pauses the test executed for the given time.</doc>
<msg timestamp="20240912 13:05:06.108" level="INFO">Slept 1 minute</msg>
<status status="PASS" starttime="20240912 13:04:06.104" endtime="20240912 13:05:06.109"/>
</kw>
<status status="PASS" starttime="20240912 13:04:01.750" endtime="20240912 13:05:06.109"/>
</iter>
<iter>
<var name="${i}">2</var>
<kw name="Get Current Date" library="DateTime">
<var>${current_time}</var>
<arg>result_format=datetime</arg>
<doc>Returns current local or UTC time with an optional increment.</doc>
<msg timestamp="20240912 13:05:06.110" level="INFO">${current_time} = 2024-09-12 13:05:06.109895</msg>
<status status="PASS" starttime="20240912 13:05:06.109" endtime="20240912 13:05:06.110"/>
</kw>
<kw name="Convert Date" library="DateTime">
<var>${formatted_time}</var>
<arg>${current_time}</arg>
<arg>result_format=%H:%M</arg>
<doc>Converts between supported `date formats`.</doc>
<msg timestamp="20240912 13:05:06.110" level="INFO">${formatted_time} = 13:05</msg>
<status status="PASS" starttime="20240912 13:05:06.110" endtime="20240912 13:05:06.110"/>
</kw>
<kw name="Log To Console" library="BuiltIn">
<arg>Current time: ${formatted_time}</arg>
<doc>Logs the given message to the console.</doc>
<status status="PASS" starttime="20240912 13:05:06.110" endtime="20240912 13:05:06.111"/>
</kw>
<kw name="Run Keyword If" library="BuiltIn">
<arg>'${formatted_time}' == '${SCHEDULED_TIME}' or '${formatted_time}' == '${MANUAL_RUN_TIME}'</arg>
<arg>Run Python Script</arg>
<arg>${formatted_time}</arg>
<arg>ELSE</arg>
<arg>Log To Console</arg>
<arg>Not time to run script yet (${formatted_time})</arg>
<doc>Runs the given keyword with the given arguments, if ``condition`` is true.</doc>
<kw name="Log To Console" library="BuiltIn">
<arg>Not time to run script yet (${formatted_time})</arg>
<doc>Logs the given message to the console.</doc>
<status status="PASS" starttime="20240912 13:05:06.111" endtime="20240912 13:05:06.111"/>
</kw>
<status status="PASS" starttime="20240912 13:05:06.111" endtime="20240912 13:05:06.111"/>
</kw>
<kw name="Sleep" library="BuiltIn">
<arg>60s</arg>
<doc>Pauses the test executed for the given time.</doc>
<msg timestamp="20240912 13:06:06.116" level="INFO">Slept 1 minute</msg>
<status status="PASS" starttime="20240912 13:05:06.111" endtime="20240912 13:06:06.117"/>
</kw>
<status status="PASS" starttime="20240912 13:05:06.109" endtime="20240912 13:06:06.118"/>
</iter>
<iter>
<var name="${i}">3</var>
<kw name="Get Current Date" library="DateTime">
<var>${current_time}</var>
<arg>result_format=datetime</arg>
<doc>Returns current local or UTC time with an optional increment.</doc>
<msg timestamp="20240912 13:06:06.121" level="INFO">${current_time} = 2024-09-12 13:06:06.120311</msg>
<status status="PASS" starttime="20240912 13:06:06.119" endtime="20240912 13:06:06.121"/>
</kw>
<kw name="Convert Date" library="DateTime">
<var>${formatted_time}</var>
<arg>${current_time}</arg>
<arg>result_format=%H:%M</arg>
<doc>Converts between supported `date formats`.</doc>
<msg timestamp="20240912 13:06:06.121" level="INFO">${formatted_time} = 13:06</msg>
<status status="PASS" starttime="20240912 13:06:06.121" endtime="20240912 13:06:06.121"/>
</kw>
<kw name="Log To Console" library="BuiltIn">
<arg>Current time: ${formatted_time}</arg>
<doc>Logs the given message to the console.</doc>
<status status="PASS" starttime="20240912 13:06:06.121" endtime="20240912 13:06:06.122"/>
</kw>
<kw name="Run Keyword If" library="BuiltIn">
<arg>'${formatted_time}' == '${SCHEDULED_TIME}' or '${formatted_time}' == '${MANUAL_RUN_TIME}'</arg>
<arg>Run Python Script</arg>
<arg>${formatted_time}</arg>
<arg>ELSE</arg>
<arg>Log To Console</arg>
<arg>Not time to run script yet (${formatted_time})</arg>
<doc>Runs the given keyword with the given arguments, if ``condition`` is true.</doc>
<kw name="Log To Console" library="BuiltIn">
<arg>Not time to run script yet (${formatted_time})</arg>
<doc>Logs the given message to the console.</doc>
<status status="PASS" starttime="20240912 13:06:06.123" endtime="20240912 13:06:06.123"/>
</kw>
<status status="PASS" starttime="20240912 13:06:06.122" endtime="20240912 13:06:06.123"/>
</kw>
<kw name="Sleep" library="BuiltIn">
<arg>60s</arg>
<doc>Pauses the test executed for the given time.</doc>
<msg timestamp="20240912 13:07:06.126" level="INFO">Slept 1 minute</msg>
<status status="PASS" starttime="20240912 13:06:06.123" endtime="20240912 13:07:06.128"/>
</kw>
<status status="PASS" starttime="20240912 13:06:06.119" endtime="20240912 13:07:06.129"/>
</iter>
<iter>
<var name="${i}">4</var>
<kw name="Get Current Date" library="DateTime">
<var>${current_time}</var>
<arg>result_format=datetime</arg>
<doc>Returns current local or UTC time with an optional increment.</doc>
<msg timestamp="20240912 13:07:06.131" level="INFO">${current_time} = 2024-09-12 13:07:06.130709</msg>
<status status="PASS" starttime="20240912 13:07:06.130" endtime="20240912 13:07:06.131"/>
</kw>
<kw name="Convert Date" library="DateTime">
<var>${formatted_time}</var>
<arg>${current_time}</arg>
<arg>result_format=%H:%M</arg>
<doc>Converts between supported `date formats`.</doc>
<msg timestamp="20240912 13:07:06.131" level="INFO">${formatted_time} = 13:07</msg>
<status status="PASS" starttime="20240912 13:07:06.131" endtime="20240912 13:07:06.131"/>
</kw>
<kw name="Log To Console" library="BuiltIn">
<arg>Current time: ${formatted_time}</arg>
<doc>Logs the given message to the console.</doc>
<status status="PASS" starttime="20240912 13:07:06.132" endtime="20240912 13:07:06.132"/>
</kw>
<kw name="Run Keyword If" library="BuiltIn">
<arg>'${formatted_time}' == '${SCHEDULED_TIME}' or '${formatted_time}' == '${MANUAL_RUN_TIME}'</arg>
<arg>Run Python Script</arg>
<arg>${formatted_time}</arg>
<arg>ELSE</arg>
<arg>Log To Console</arg>
<arg>Not time to run script yet (${formatted_time})</arg>
<doc>Runs the given keyword with the given arguments, if ``condition`` is true.</doc>
<kw name="Log To Console" library="BuiltIn">
<arg>Not time to run script yet (${formatted_time})</arg>
<doc>Logs the given message to the console.</doc>
<status status="PASS" starttime="20240912 13:07:06.133" endtime="20240912 13:07:06.133"/>
</kw>
<status status="PASS" starttime="20240912 13:07:06.132" endtime="20240912 13:07:06.134"/>
</kw>
<kw name="Sleep" library="BuiltIn">
<arg>60s</arg>
<doc>Pauses the test executed for the given time.</doc>
<msg timestamp="20240912 13:08:06.137" level="INFO">Slept 1 minute</msg>
<status status="PASS" starttime="20240912 13:07:06.134" endtime="20240912 13:08:06.139"/>
</kw>
<status status="PASS" starttime="20240912 13:07:06.130" endtime="20240912 13:08:06.139"/>
</iter>
<iter>
<var name="${i}">5</var>
<kw name="Get Current Date" library="DateTime">
<var>${current_time}</var>
<arg>result_format=datetime</arg>
<doc>Returns current local or UTC time with an optional increment.</doc>
<msg timestamp="20240912 13:08:06.141" level="INFO">${current_time} = 2024-09-12 13:08:06.141110</msg>
<status status="PASS" starttime="20240912 13:08:06.140" endtime="20240912 13:08:06.141"/>
</kw>
<kw name="Convert Date" library="DateTime">
<var>${formatted_time}</var>
<arg>${current_time}</arg>
<arg>result_format=%H:%M</arg>
<doc>Converts between supported `date formats`.</doc>
<msg timestamp="20240912 13:08:06.142" level="INFO">${formatted_time} = 13:08</msg>
<status status="PASS" starttime="20240912 13:08:06.141" endtime="20240912 13:08:06.142"/>
</kw>
<kw name="Log To Console" library="BuiltIn">
<arg>Current time: ${formatted_time}</arg>
<doc>Logs the given message to the console.</doc>
<status status="PASS" starttime="20240912 13:08:06.142" endtime="20240912 13:08:06.142"/>
</kw>
<kw name="Run Keyword If" library="BuiltIn">
<arg>'${formatted_time}' == '${SCHEDULED_TIME}' or '${formatted_time}' == '${MANUAL_RUN_TIME}'</arg>
<arg>Run Python Script</arg>
<arg>${formatted_time}</arg>
<arg>ELSE</arg>
<arg>Log To Console</arg>
<arg>Not time to run script yet (${formatted_time})</arg>
<doc>Runs the given keyword with the given arguments, if ``condition`` is true.</doc>
<kw name="Log To Console" library="BuiltIn">
<arg>Not time to run script yet (${formatted_time})</arg>
<doc>Logs the given message to the console.</doc>
<status status="PASS" starttime="20240912 13:08:06.143" endtime="20240912 13:08:06.144"/>
</kw>
<status status="PASS" starttime="20240912 13:08:06.142" endtime="20240912 13:08:06.144"/>
</kw>
<kw name="Sleep" library="BuiltIn">
<arg>60s</arg>
<doc>Pauses the test executed for the given time.</doc>
<msg timestamp="20240912 13:09:06.145" level="INFO">Slept 1 minute</msg>
<status status="PASS" starttime="20240912 13:08:06.144" endtime="20240912 13:09:06.146"/>
</kw>
<status status="PASS" starttime="20240912 13:08:06.140" endtime="20240912 13:09:06.146"/>
</iter>
<iter>
<var name="${i}">6</var>
<kw name="Get Current Date" library="DateTime">
<var>${current_time}</var>
<arg>result_format=datetime</arg>
<doc>Returns current local or UTC time with an optional increment.</doc>
<msg timestamp="20240912 13:09:06.148" level="INFO">${current_time} = 2024-09-12 13:09:06.147472</msg>
<status status="PASS" starttime="20240912 13:09:06.147" endtime="20240912 13:09:06.148"/>
</kw>
<kw name="Convert Date" library="DateTime">
<var>${formatted_time}</var>
<arg>${current_time}</arg>
<arg>result_format=%H:%M</arg>
<doc>Converts between supported `date formats`.</doc>
<msg timestamp="20240912 13:09:06.148" level="INFO">${formatted_time} = 13:09</msg>
<status status="PASS" starttime="20240912 13:09:06.148" endtime="20240912 13:09:06.148"/>
</kw>
<kw name="Log To Console" library="BuiltIn">
<arg>Current time: ${formatted_time}</arg>
<doc>Logs the given message to the console.</doc>
<status status="PASS" starttime="20240912 13:09:06.148" endtime="20240912 13:09:06.149"/>
</kw>
<kw name="Run Keyword If" library="BuiltIn">
<arg>'${formatted_time}' == '${SCHEDULED_TIME}' or '${formatted_time}' == '${MANUAL_RUN_TIME}'</arg>
<arg>Run Python Script</arg>
<arg>${formatted_time}</arg>
<arg>ELSE</arg>
<arg>Log To Console</arg>
<arg>Not time to run script yet (${formatted_time})</arg>
<doc>Runs the given keyword with the given arguments, if ``condition`` is true.</doc>
<kw name="Log To Console" library="BuiltIn">
<arg>Not time to run script yet (${formatted_time})</arg>
<doc>Logs the given message to the console.</doc>
<status status="PASS" starttime="20240912 13:09:06.150" endtime="20240912 13:09:06.150"/>
</kw>
<status status="PASS" starttime="20240912 13:09:06.149" endtime="20240912 13:09:06.150"/>
</kw>
<kw name="Sleep" library="BuiltIn">
<arg>60s</arg>
<doc>Pauses the test executed for the given time.</doc>
<msg timestamp="20240912 13:10:06.152" level="INFO">Slept 1 minute</msg>
<status status="PASS" starttime="20240912 13:09:06.150" endtime="20240912 13:10:06.153"/>
</kw>
<status status="PASS" starttime="20240912 13:09:06.146" endtime="20240912 13:10:06.153"/>
</iter>
<iter>
<var name="${i}">7</var>
<kw name="Get Current Date" library="DateTime">
<var>${current_time}</var>
<arg>result_format=datetime</arg>
<doc>Returns current local or UTC time with an optional increment.</doc>
<msg timestamp="20240912 13:10:06.155" level="INFO">${current_time} = 2024-09-12 13:10:06.154637</msg>
<status status="PASS" starttime="20240912 13:10:06.154" endtime="20240912 13:10:06.155"/>
</kw>
<kw name="Convert Date" library="DateTime">
<var>${formatted_time}</var>
<arg>${current_time}</arg>
<arg>result_format=%H:%M</arg>
<doc>Converts between supported `date formats`.</doc>
<msg timestamp="20240912 13:10:06.156" level="INFO">${formatted_time} = 13:10</msg>
<status status="PASS" starttime="20240912 13:10:06.155" endtime="20240912 13:10:06.156"/>
</kw>
<kw name="Log To Console" library="BuiltIn">
<arg>Current time: ${formatted_time}</arg>
<doc>Logs the given message to the console.</doc>
<status status="PASS" starttime="20240912 13:10:06.156" endtime="20240912 13:10:06.156"/>
</kw>
<kw name="Run Keyword If" library="BuiltIn">
<arg>'${formatted_time}' == '${SCHEDULED_TIME}' or '${formatted_time}' == '${MANUAL_RUN_TIME}'</arg>
<arg>Run Python Script</arg>
<arg>${formatted_time}</arg>
<arg>ELSE</arg>
<arg>Log To Console</arg>
<arg>Not time to run script yet (${formatted_time})</arg>
<doc>Runs the given keyword with the given arguments, if ``condition`` is true.</doc>
<kw name="Log To Console" library="BuiltIn">
<arg>Not time to run script yet (${formatted_time})</arg>
<doc>Logs the given message to the console.</doc>
<status status="PASS" starttime="20240912 13:10:06.158" endtime="20240912 13:10:06.158"/>
</kw>
<status status="PASS" starttime="20240912 13:10:06.156" endtime="20240912 13:10:06.158"/>
</kw>
<kw name="Sleep" library="BuiltIn">
<arg>60s</arg>
<doc>Pauses the test executed for the given time.</doc>
<msg timestamp="20240912 13:11:06.160" level="INFO">Slept 1 minute</msg>
<status status="PASS" starttime="20240912 13:10:06.158" endtime="20240912 13:11:06.161"/>
</kw>
<status status="PASS" starttime="20240912 13:10:06.153" endtime="20240912 13:11:06.161"/>
</iter>
<iter>
<var name="${i}">8</var>
<kw name="Get Current Date" library="DateTime">
<var>${current_time}</var>
<arg>result_format=datetime</arg>
<doc>Returns current local or UTC time with an optional increment.</doc>
<msg timestamp="20240912 13:11:06.163" level="INFO">${current_time} = 2024-09-12 13:11:06.162992</msg>
<status status="PASS" starttime="20240912 13:11:06.162" endtime="20240912 13:11:06.163"/>
</kw>
<kw name="Convert Date" library="DateTime">
<var>${formatted_time}</var>
<arg>${current_time}</arg>
<arg>result_format=%H:%M</arg>
<doc>Converts between supported `date formats`.</doc>
<msg timestamp="20240912 13:11:06.164" level="INFO">${formatted_time} = 13:11</msg>
<status status="PASS" starttime="20240912 13:11:06.163" endtime="20240912 13:11:06.164"/>
</kw>
<kw name="Log To Console" library="BuiltIn">
<arg>Current time: ${formatted_time}</arg>
<doc>Logs the given message to the console.</doc>
<status status="PASS" starttime="20240912 13:11:06.164" endtime="20240912 13:11:06.164"/>
</kw>
<kw name="Run Keyword If" library="BuiltIn">
<arg>'${formatted_time}' == '${SCHEDULED_TIME}' or '${formatted_time}' == '${MANUAL_RUN_TIME}'</arg>
<arg>Run Python Script</arg>
<arg>${formatted_time}</arg>
<arg>ELSE</arg>
<arg>Log To Console</arg>
<arg>Not time to run script yet (${formatted_time})</arg>
<doc>Runs the given keyword with the given arguments, if ``condition`` is true.</doc>
<kw name="Log To Console" library="BuiltIn">
<arg>Not time to run script yet (${formatted_time})</arg>
<doc>Logs the given message to the console.</doc>
<status status="PASS" starttime="20240912 13:11:06.166" endtime="20240912 13:11:06.166"/>
</kw>
<status status="PASS" starttime="20240912 13:11:06.164" endtime="20240912 13:11:06.166"/>
</kw>
<kw name="Sleep" library="BuiltIn">
<arg>60s</arg>
<doc>Pauses the test executed for the given time.</doc>
<msg timestamp="20240912 13:12:06.170" level="INFO">Slept 1 minute</msg>
<status status="PASS" starttime="20240912 13:11:06.166" endtime="20240912 13:12:06.171"/>
</kw>
<status status="PASS" starttime="20240912 13:11:06.162" endtime="20240912 13:12:06.172"/>
</iter>
<iter>
<var name="${i}">9</var>
<kw name="Get Current Date" library="DateTime">
<var>${current_time}</var>
<arg>result_format=datetime</arg>
<doc>Returns current local or UTC time with an optional increment.</doc>
<msg timestamp="20240912 13:12:06.174" level="INFO">${current_time} = 2024-09-12 13:12:06.173372</msg>
<status status="PASS" starttime="20240912 13:12:06.173" endtime="20240912 13:12:06.174"/>
</kw>
<kw name="Convert Date" library="DateTime">
<var>${formatted_time}</var>
<arg>${current_time}</arg>
<arg>result_format=%H:%M</arg>
<doc>Converts between supported `date formats`.</doc>
<msg timestamp="20240912 13:12:06.174" level="INFO">${formatted_time} = 13:12</msg>
<status status="PASS" starttime="20240912 13:12:06.174" endtime="20240912 13:12:06.174"/>
</kw>
<kw name="Log To Console" library="BuiltIn">
<arg>Current time: ${formatted_time}</arg>
<doc>Logs the given message to the console.</doc>
<status status="PASS" starttime="20240912 13:12:06.174" endtime="20240912 13:12:06.174"/>
</kw>
<kw name="Run Keyword If" library="BuiltIn">
<arg>'${formatted_time}' == '${SCHEDULED_TIME}' or '${formatted_time}' == '${MANUAL_RUN_TIME}'</arg>
<arg>Run Python Script</arg>
<arg>${formatted_time}</arg>
<arg>ELSE</arg>
<arg>Log To Console</arg>
<arg>Not time to run script yet (${formatted_time})</arg>
<doc>Runs the given keyword with the given arguments, if ``condition`` is true.</doc>
<kw name="Log To Console" library="BuiltIn">
<arg>Not time to run script yet (${formatted_time})</arg>
<doc>Logs the given message to the console.</doc>
<status status="PASS" starttime="20240912 13:12:06.175" endtime="20240912 13:12:06.175"/>
</kw>
<status status="PASS" starttime="20240912 13:12:06.175" endtime="20240912 13:12:06.175"/>
</kw>
<kw name="Sleep" library="BuiltIn">
<arg>60s</arg>
<doc>Pauses the test executed for the given time.</doc>
<msg timestamp="20240912 13:13:06.183" level="INFO">Slept 1 minute</msg>
<status status="PASS" starttime="20240912 13:12:06.175" endtime="20240912 13:13:06.186"/>
</kw>
<status status="PASS" starttime="20240912 13:12:06.172" endtime="20240912 13:13:06.187"/>
</iter>
<iter>
<var name="${i}">10</var>
<kw name="Get Current Date" library="DateTime">
<var>${current_time}</var>
<arg>result_format=datetime</arg>
<doc>Returns current local or UTC time with an optional increment.</doc>
<msg timestamp="20240912 13:13:06.191" level="INFO">${current_time} = 2024-09-12 13:13:06.190271</msg>
<status status="PASS" starttime="20240912 13:13:06.188" endtime="20240912 13:13:06.191"/>
</kw>
<kw name="Convert Date" library="DateTime">
<var>${formatted_time}</var>
<arg>${current_time}</arg>
<arg>result_format=%H:%M</arg>
<doc>Converts between supported `date formats`.</doc>
<msg timestamp="20240912 13:13:06.192" level="INFO">${formatted_time} = 13:13</msg>
<status status="PASS" starttime="20240912 13:13:06.191" endtime="20240912 13:13:06.192"/>
</kw>
<kw name="Log To Console" library="BuiltIn">
<arg>Current time: ${formatted_time}</arg>
<doc>Logs the given message to the console.</doc>
<status status="PASS" starttime="20240912 13:13:06.192" endtime="20240912 13:13:06.193"/>
</kw>
<kw name="Run Keyword If" library="BuiltIn">
<arg>'${formatted_time}' == '${SCHEDULED_TIME}' or '${formatted_time}' == '${MANUAL_RUN_TIME}'</arg>
<arg>Run Python Script</arg>
<arg>${formatted_time}</arg>
<arg>ELSE</arg>
<arg>Log To Console</arg>
<arg>Not time to run script yet (${formatted_time})</arg>
<doc>Runs the given keyword with the given arguments, if ``condition`` is true.</doc>
<kw name="Log To Console" library="BuiltIn">
<arg>Not time to run script yet (${formatted_time})</arg>
<doc>Logs the given message to the console.</doc>
<status status="PASS" starttime="20240912 13:13:06.196" endtime="20240912 13:13:06.196"/>
</kw>
<status status="PASS" starttime="20240912 13:13:06.193" endtime="20240912 13:13:06.196"/>
</kw>
<kw name="Sleep" library="BuiltIn">
<arg>60s</arg>
<doc>Pauses the test executed for the given time.</doc>
<msg timestamp="20240912 13:14:06.199" level="INFO">Slept 1 minute</msg>
<status status="PASS" starttime="20240912 13:13:06.196" endtime="20240912 13:14:06.199"/>
</kw>
<status status="PASS" starttime="20240912 13:13:06.188" endtime="20240912 13:14:06.199"/>
</iter>
<iter>
<var name="${i}">11</var>
<kw name="Get Current Date" library="DateTime">
<var>${current_time}</var>
<arg>result_format=datetime</arg>
<doc>Returns current local or UTC time with an optional increment.</doc>
<msg timestamp="20240912 13:14:06.201" level="INFO">${current_time} = 2024-09-12 13:14:06.200525</msg>
<status status="PASS" starttime="20240912 13:14:06.200" endtime="20240912 13:14:06.201"/>
</kw>
<kw name="Convert Date" library="DateTime">
<var>${formatted_time}</var>
<arg>${current_time}</arg>
<arg>result_format=%H:%M</arg>
<doc>Converts between supported `date formats`.</doc>
<msg timestamp="20240912 13:14:06.201" level="INFO">${formatted_time} = 13:14</msg>
<status status="PASS" starttime="20240912 13:14:06.201" endtime="20240912 13:14:06.201"/>
</kw>
<kw name="Log To Console" library="BuiltIn">
<arg>Current time: ${formatted_time}</arg>
<doc>Logs the given message to the console.</doc>
<status status="PASS" starttime="20240912 13:14:06.201" endtime="20240912 13:14:06.201"/>
</kw>
<kw name="Run Keyword If" library="BuiltIn">
<arg>'${formatted_time}' == '${SCHEDULED_TIME}' or '${formatted_time}' == '${MANUAL_RUN_TIME}'</arg>
<arg>Run Python Script</arg>
<arg>${formatted_time}</arg>
<arg>ELSE</arg>
<arg>Log To Console</arg>
<arg>Not time to run script yet (${formatted_time})</arg>
<doc>Runs the given keyword with the given arguments, if ``condition`` is true.</doc>
<kw name="Log To Console" library="BuiltIn">
<arg>Not time to run script yet (${formatted_time})</arg>
<doc>Logs the given message to the console.</doc>
<status status="PASS" starttime="20240912 13:14:06.202" endtime="20240912 13:14:06.202"/>
</kw>
<status status="PASS" starttime="20240912 13:14:06.201" endtime="20240912 13:14:06.202"/>
</kw>
<kw name="Sleep" library="BuiltIn">
<arg>60s</arg>
<doc>Pauses the test executed for the given time.</doc>
<msg timestamp="20240912 13:15:06.204" level="INFO">Slept 1 minute</msg>
<status status="PASS" starttime="20240912 13:14:06.202" endtime="20240912 13:15:06.206"/>
</kw>
<status status="PASS" starttime="20240912 13:14:06.200" endtime="20240912 13:15:06.206"/>
</iter>
<iter>
<var name="${i}">12</var>
<kw name="Get Current Date" library="DateTime">
<var>${current_time}</var>
<arg>result_format=datetime</arg>
<doc>Returns current local or UTC time with an optional increment.</doc>
<msg timestamp="20240912 13:15:06.209" level="INFO">${current_time} = 2024-09-12 13:15:06.208387</msg>
<status status="PASS" starttime="20240912 13:15:06.208" endtime="20240912 13:15:06.209"/>
</kw>
<kw name="Convert Date" library="DateTime">
<var>${formatted_time}</var>
<arg>${current_time}</arg>
<arg>result_format=%H:%M</arg>
<doc>Converts between supported `date formats`.</doc>
<msg timestamp="20240912 13:15:06.209" level="INFO">${formatted_time} = 13:15</msg>
<status status="PASS" starttime="20240912 13:15:06.209" endtime="20240912 13:15:06.209"/>
</kw>
<kw name="Log To Console" library="BuiltIn">
<arg>Current time: ${formatted_time}</arg>
<doc>Logs the given message to the console.</doc>
<status status="PASS" starttime="20240912 13:15:06.209" endtime="20240912 13:15:06.210"/>
</kw>
<kw name="Run Keyword If" library="BuiltIn">
<arg>'${formatted_time}' == '${SCHEDULED_TIME}' or '${formatted_time}' == '${MANUAL_RUN_TIME}'</arg>
<arg>Run Python Script</arg>
<arg>${formatted_time}</arg>
<arg>ELSE</arg>
<arg>Log To Console</arg>
<arg>Not time to run script yet (${formatted_time})</arg>
<doc>Runs the given keyword with the given arguments, if ``condition`` is true.</doc>
<kw name="Log To Console" library="BuiltIn">
<arg>Not time to run script yet (${formatted_time})</arg>
<doc>Logs the given message to the console.</doc>
<status status="PASS" starttime="20240912 13:15:06.212" endtime="20240912 13:15:06.212"/>
</kw>
<status status="PASS" starttime="20240912 13:15:06.211" endtime="20240912 13:15:06.212"/>
</kw>
<kw name="Sleep" library="BuiltIn">
<arg>60s</arg>
<doc>Pauses the test executed for the given time.</doc>
<msg timestamp="20240912 13:16:06.215" level="INFO">Slept 1 minute</msg>
<status status="PASS" starttime="20240912 13:15:06.212" endtime="20240912 13:16:06.217"/>
</kw>
<status status="PASS" starttime="20240912 13:15:06.207" endtime="20240912 13:16:06.217"/>
</iter>
<iter>
<var name="${i}">13</var>
<kw name="Get Current Date" library="DateTime">
<var>${current_time}</var>
<arg>result_format=datetime</arg>
<doc>Returns current local or UTC time with an optional increment.</doc>
<msg timestamp="20240912 13:16:06.219" level="INFO">${current_time} = 2024-09-12 13:16:06.219122</msg>
<status status="PASS" starttime="20240912 13:16:06.218" endtime="20240912 13:16:06.219"/>
</kw>
<kw name="Convert Date" library="DateTime">
<var>${formatted_time}</var>
<arg>${current_time}</arg>
<arg>result_format=%H:%M</arg>
<doc>Converts between supported `date formats`.</doc>
<msg timestamp="20240912 13:16:06.220" level="INFO">${formatted_time} = 13:16</msg>
<status status="PASS" starttime="20240912 13:16:06.219" endtime="20240912 13:16:06.220"/>
</kw>
<kw name="Log To Console" library="BuiltIn">
<arg>Current time: ${formatted_time}</arg>
<doc>Logs the given message to the console.</doc>
<status status="PASS" starttime="20240912 13:16:06.220" endtime="20240912 13:16:06.220"/>
</kw>
<kw name="Run Keyword If" library="BuiltIn">
<arg>'${formatted_time}' == '${SCHEDULED_TIME}' or '${formatted_time}' == '${MANUAL_RUN_TIME}'</arg>
<arg>Run Python Script</arg>
<arg>${formatted_time}</arg>
<arg>ELSE</arg>
<arg>Log To Console</arg>
<arg>Not time to run script yet (${formatted_time})</arg>
<doc>Runs the given keyword with the given arguments, if ``condition`` is true.</doc>
<kw name="Log To Console" library="BuiltIn">
<arg>Not time to run script yet (${formatted_time})</arg>
<doc>Logs the given message to the console.</doc>
<status status="PASS" starttime="20240912 13:16:06.221" endtime="20240912 13:16:06.221"/>
</kw>
<status status="PASS" starttime="20240912 13:16:06.221" endtime="20240912 13:16:06.222"/>
</kw>
<kw name="Sleep" library="BuiltIn">
<arg>60s</arg>
<doc>Pauses the test executed for the given time.</doc>
<msg timestamp="20240912 13:17:06.230" level="INFO">Slept 1 minute</msg>
<status status="PASS" starttime="20240912 13:16:06.222" endtime="20240912 13:17:06.234"/>
</kw>
<status status="PASS" starttime="20240912 13:16:06.218" endtime="20240912 13:17:06.234"/>
</iter>
<iter>
<var name="${i}">14</var>
<kw name="Get Current Date" library="DateTime">
<var>${current_time}</var>
<arg>result_format=datetime</arg>
<doc>Returns current local or UTC time with an optional increment.</doc>
<msg timestamp="20240912 13:17:06.240" level="INFO">${current_time} = 2024-09-12 13:17:06.238879</msg>
<status status="PASS" starttime="20240912 13:17:06.236" endtime="20240912 13:17:06.240"/>
</kw>
<kw name="Convert Date" library="DateTime">
<var>${formatted_time}</var>
<arg>${current_time}</arg>
<arg>result_format=%H:%M</arg>
<doc>Converts between supported `date formats`.</doc>
<msg timestamp="20240912 13:17:06.241" level="INFO">${formatted_time} = 13:17</msg>
<status status="PASS" starttime="20240912 13:17:06.240" endtime="20240912 13:17:06.241"/>
</kw>
<kw name="Log To Console" library="BuiltIn">
<arg>Current time: ${formatted_time}</arg>
<doc>Logs the given message to the console.</doc>
<status status="PASS" starttime="20240912 13:17:06.241" endtime="20240912 13:17:06.242"/>
</kw>
<kw name="Run Keyword If" library="BuiltIn">
<arg>'${formatted_time}' == '${SCHEDULED_TIME}' or '${formatted_time}' == '${MANUAL_RUN_TIME}'</arg>
<arg>Run Python Script</arg>
<arg>${formatted_time}</arg>
<arg>ELSE</arg>
<arg>Log To Console</arg>
<arg>Not time to run script yet (${formatted_time})</arg>
<doc>Runs the given keyword with the given arguments, if ``condition`` is true.</doc>
<kw name="Log To Console" library="BuiltIn">
<arg>Not time to run script yet (${formatted_time})</arg>
<doc>Logs the given message to the console.</doc>
<status status="PASS" starttime="20240912 13:17:06.246" endtime="20240912 13:17:06.246"/>
</kw>
<status status="PASS" starttime="20240912 13:17:06.242" endtime="20240912 13:17:06.246"/>
</kw>
<kw name="Sleep" library="BuiltIn">
<arg>60s</arg>
<doc>Pauses the test executed for the given time.</doc>
<msg timestamp="20240912 13:18:06.250" level="INFO">Slept 1 minute</msg>
<status status="PASS" starttime="20240912 13:17:06.246" endtime="20240912 13:18:06.251"/>
</kw>
<status status="PASS" starttime="20240912 13:17:06.236" endtime="20240912 13:18:06.251"/>
</iter>
<iter>
<var name="${i}">15</var>
<kw name="Get Current Date" library="DateTime">
<var>${current_time}</var>
<arg>result_format=datetime</arg>
<doc>Returns current local or UTC time with an optional increment.</doc>
<msg timestamp="20240912 13:18:06.253" level="INFO">${current_time} = 2024-09-12 13:18:06.253287</msg>
<status status="PASS" starttime="20240912 13:18:06.253" endtime="20240912 13:18:06.253"/>
</kw>
<kw name="Convert Date" library="DateTime">
<var>${formatted_time}</var>
<arg>${current_time}</arg>
<arg>result_format=%H:%M</arg>
<doc>Converts between supported `date formats`.</doc>
<msg timestamp="20240912 13:18:06.254" level="INFO">${formatted_time} = 13:18</msg>
<status status="PASS" starttime="20240912 13:18:06.254" endtime="20240912 13:18:06.254"/>
</kw>
<kw name="Log To Console" library="BuiltIn">
<arg>Current time: ${formatted_time}</arg>
<doc>Logs the given message to the console.</doc>
<status status="PASS" starttime="20240912 13:18:06.254" endtime="20240912 13:18:06.255"/>
</kw>
<kw name="Run Keyword If" library="BuiltIn">
<arg>'${formatted_time}' == '${SCHEDULED_TIME}' or '${formatted_time}' == '${MANUAL_RUN_TIME}'</arg>
<arg>Run Python Script</arg>
<arg>${formatted_time}</arg>
<arg>ELSE</arg>
<arg>Log To Console</arg>
<arg>Not time to run script yet (${formatted_time})</arg>
<doc>Runs the given keyword with the given arguments, if ``condition`` is true.</doc>
<kw name="Log To Console" library="BuiltIn">
<arg>Not time to run script yet (${formatted_time})</arg>
<doc>Logs the given message to the console.</doc>
<status status="PASS" starttime="20240912 13:18:06.257" endtime="20240912 13:18:06.257"/>
</kw>
<status status="PASS" starttime="20240912 13:18:06.255" endtime="20240912 13:18:06.257"/>
</kw>
<kw name="Sleep" library="BuiltIn">
<arg>60s</arg>
<doc>Pauses the test executed for the given time.</doc>
<msg timestamp="20240912 13:19:06.260" level="INFO">Slept 1 minute</msg>
<status status="PASS" starttime="20240912 13:18:06.257" endtime="20240912 13:19:06.261"/>
</kw>
<status status="PASS" starttime="20240912 13:18:06.252" endtime="20240912 13:19:06.261"/>
</iter>
<iter>
<var name="${i}">16</var>
<kw name="Get Current Date" library="DateTime">
<var>${current_time}</var>
<arg>result_format=datetime</arg>
<doc>Returns current local or UTC time with an optional increment.</doc>
<msg timestamp="20240912 13:19:06.263" level="INFO">${current_time} = 2024-09-12 13:19:06.262952</msg>
<status status="PASS" starttime="20240912 13:19:06.262" endtime="20240912 13:19:06.263"/>
</kw>
<kw name="Convert Date" library="DateTime">
<var>${formatted_time}</var>
<arg>${current_time}</arg>
<arg>result_format=%H:%M</arg>
<doc>Converts between supported `date formats`.</doc>
<msg timestamp="20240912 13:19:06.264" level="INFO">${formatted_time} = 13:19</msg>
<status status="PASS" starttime="20240912 13:19:06.263" endtime="20240912 13:19:06.264"/>
</kw>
<kw name="Log To Console" library="BuiltIn">
<arg>Current time: ${formatted_time}</arg>
<doc>Logs the given message to the console.</doc>
<status status="PASS" starttime="20240912 13:19:06.264" endtime="20240912 13:19:06.266"/>
</kw>
<kw name="Run Keyword If" library="BuiltIn">
<arg>'${formatted_time}' == '${SCHEDULED_TIME}' or '${formatted_time}' == '${MANUAL_RUN_TIME}'</arg>
<arg>Run Python Script</arg>
<arg>${formatted_time}</arg>
<arg>ELSE</arg>
<arg>Log To Console</arg>
<arg>Not time to run script yet (${formatted_time})</arg>
<doc>Runs the given keyword with the given arguments, if ``condition`` is true.</doc>
<kw name="Log To Console" library="BuiltIn">
<arg>Not time to run script yet (${formatted_time})</arg>
<doc>Logs the given message to the console.</doc>
<status status="PASS" starttime="20240912 13:19:06.266" endtime="20240912 13:19:06.267"/>
</kw>
<status status="PASS" starttime="20240912 13:19:06.266" endtime="20240912 13:19:06.267"/>
</kw>
<kw name="Sleep" library="BuiltIn">
<arg>60s</arg>
<doc>Pauses the test executed for the given time.</doc>
<msg timestamp="20240912 13:20:06.268" level="INFO">Slept 1 minute</msg>
<status status="PASS" starttime="20240912 13:19:06.267" endtime="20240912 13:20:06.269"/>
</kw>
<status status="PASS" starttime="20240912 13:19:06.262" endtime="20240912 13:20:06.269"/>
</iter>
<iter>
<var name="${i}">17</var>
<kw name="Get Current Date" library="DateTime">
<var>${current_time}</var>
<arg>result_format=datetime</arg>
<doc>Returns current local or UTC time with an optional increment.</doc>
<msg timestamp="20240912 13:20:06.270" level="INFO">${current_time} = 2024-09-12 13:20:06.270192</msg>
<status status="PASS" starttime="20240912 13:20:06.270" endtime="20240912 13:20:06.270"/>
</kw>
<kw name="Convert Date" library="DateTime">
<var>${formatted_time}</var>
<arg>${current_time}</arg>
<arg>result_format=%H:%M</arg>
<doc>Converts between supported `date formats`.</doc>
<msg timestamp="20240912 13:20:06.271" level="INFO">${formatted_time} = 13:20</msg>
<status status="PASS" starttime="20240912 13:20:06.270" endtime="20240912 13:20:06.271"/>
</kw>
<kw name="Log To Console" library="BuiltIn">
<arg>Current time: ${formatted_time}</arg>
<doc>Logs the given message to the console.</doc>
<status status="PASS" starttime="20240912 13:20:06.271" endtime="20240912 13:20:06.271"/>
</kw>
<kw name="Run Keyword If" library="BuiltIn">
<arg>'${formatted_time}' == '${SCHEDULED_TIME}' or '${formatted_time}' == '${MANUAL_RUN_TIME}'</arg>
<arg>Run Python Script</arg>
<arg>${formatted_time}</arg>
<arg>ELSE</arg>
<arg>Log To Console</arg>
<arg>Not time to run script yet (${formatted_time})</arg>
<doc>Runs the given keyword with the given arguments, if ``condition`` is true.</doc>
<kw name="Log To Console" library="BuiltIn">
<arg>Not time to run script yet (${formatted_time})</arg>
<doc>Logs the given message to the console.</doc>
<status status="PASS" starttime="20240912 13:20:06.271" endtime="20240912 13:20:06.271"/>
</kw>
<status status="PASS" starttime="20240912 13:20:06.271" endtime="20240912 13:20:06.272"/>
</kw>
<kw name="Sleep" library="BuiltIn">
<arg>60s</arg>
<doc>Pauses the test executed for the given time.</doc>
<msg timestamp="20240912 13:21:06.273" level="INFO">Slept 1 minute</msg>
<status status="PASS" starttime="20240912 13:20:06.272" endtime="20240912 13:21:06.275"/>
</kw>
<status status="PASS" starttime="20240912 13:20:06.269" endtime="20240912 13:21:06.275"/>
</iter>
<iter>
<var name="${i}">18</var>
<kw name="Get Current Date" library="DateTime">
<var>${current_time}</var>
<arg>result_format=datetime</arg>
<doc>Returns current local or UTC time with an optional increment.</doc>
<msg timestamp="20240912 13:21:06.277" level="INFO">${current_time} = 2024-09-12 13:21:06.276812</msg>
<status status="PASS" starttime="20240912 13:21:06.276" endtime="20240912 13:21:06.277"/>
</kw>
<kw name="Convert Date" library="DateTime">
<var>${formatted_time}</var>
<arg>${current_time}</arg>
<arg>result_format=%H:%M</arg>
<doc>Converts between supported `date formats`.</doc>
<msg timestamp="20240912 13:21:06.277" level="INFO">${formatted_time} = 13:21</msg>
<status status="PASS" starttime="20240912 13:21:06.277" endtime="20240912 13:21:06.277"/>
</kw>
<kw name="Log To Console" library="BuiltIn">
<arg>Current time: ${formatted_time}</arg>
<doc>Logs the given message to the console.</doc>
<status status="PASS" starttime="20240912 13:21:06.278" endtime="20240912 13:21:06.278"/>
</kw>
<kw name="Run Keyword If" library="BuiltIn">
<arg>'${formatted_time}' == '${SCHEDULED_TIME}' or '${formatted_time}' == '${MANUAL_RUN_TIME}'</arg>
<arg>Run Python Script</arg>
<arg>${formatted_time}</arg>
<arg>ELSE</arg>
<arg>Log To Console</arg>
<arg>Not time to run script yet (${formatted_time})</arg>
<doc>Runs the given keyword with the given arguments, if ``condition`` is true.</doc>
<kw name="Log To Console" library="BuiltIn">
<arg>Not time to run script yet (${formatted_time})</arg>
<doc>Logs the given message to the console.</doc>
<status status="PASS" starttime="20240912 13:21:06.278" endtime="20240912 13:21:06.279"/>
</kw>
<status status="PASS" starttime="20240912 13:21:06.278" endtime="20240912 13:21:06.279"/>
</kw>
<kw name="Sleep" library="BuiltIn">
<arg>60s</arg>
<doc>Pauses the test executed for the given time.</doc>
<msg timestamp="20240912 13:22:06.282" level="INFO">Slept 1 minute</msg>
<status status="PASS" starttime="20240912 13:21:06.279" endtime="20240912 13:22:06.284"/>
</kw>
<status status="PASS" starttime="20240912 13:21:06.276" endtime="20240912 13:22:06.285"/>
</iter>
<iter>
<var name="${i}">19</var>
<kw name="Get Current Date" library="DateTime">
<var>${current_time}</var>
<arg>result_format=datetime</arg>
<doc>Returns current local or UTC time with an optional increment.</doc>
<msg timestamp="20240912 13:22:06.287" level="INFO">${current_time} = 2024-09-12 13:22:06.287260</msg>
<status status="PASS" starttime="20240912 13:22:06.287" endtime="20240912 13:22:06.287"/>
</kw>
<kw name="Convert Date" library="DateTime">
<var>${formatted_time}</var>
<arg>${current_time}</arg>
<arg>result_format=%H:%M</arg>
<doc>Converts between supported `date formats`.</doc>
<msg timestamp="20240912 13:22:06.288" level="INFO">${formatted_time} = 13:22</msg>
<status status="PASS" starttime="20240912 13:22:06.288" endtime="20240912 13:22:06.288"/>
</kw>
<kw name="Log To Console" library="BuiltIn">
<arg>Current time: ${formatted_time}</arg>
<doc>Logs the given message to the console.</doc>
<status status="PASS" starttime="20240912 13:22:06.288" endtime="20240912 13:22:06.289"/>
</kw>
<kw name="Run Keyword If" library="BuiltIn">
<arg>'${formatted_time}' == '${SCHEDULED_TIME}' or '${formatted_time}' == '${MANUAL_RUN_TIME}'</arg>
<arg>Run Python Script</arg>
<arg>${formatted_time}</arg>
<arg>ELSE</arg>
<arg>Log To Console</arg>
<arg>Not time to run script yet (${formatted_time})</arg>
<doc>Runs the given keyword with the given arguments, if ``condition`` is true.</doc>
<kw name="Log To Console" library="BuiltIn">
<arg>Not time to run script yet (${formatted_time})</arg>
<doc>Logs the given message to the console.</doc>
<status status="PASS" starttime="20240912 13:22:06.289" endtime="20240912 13:22:06.290"/>
</kw>
<status status="PASS" starttime="20240912 13:22:06.289" endtime="20240912 13:22:06.290"/>
</kw>
<kw name="Sleep" library="BuiltIn">
<arg>60s</arg>
<doc>Pauses the test executed for the given time.</doc>
<msg timestamp="20240912 13:23:06.295" level="INFO">Slept 1 minute</msg>
<status status="PASS" starttime="20240912 13:22:06.290" endtime="20240912 13:23:06.297"/>
</kw>
<status status="PASS" starttime="20240912 13:22:06.286" endtime="20240912 13:23:06.297"/>
</iter>
<iter>
<var name="${i}">20</var>
<kw name="Get Current Date" library="DateTime">
<var>${current_time}</var>
<arg>result_format=datetime</arg>
<doc>Returns current local or UTC time with an optional increment.</doc>
<msg timestamp="20240912 13:23:06.300" level="INFO">${current_time} = 2024-09-12 13:23:06.299660</msg>
<status status="PASS" starttime="20240912 13:23:06.299" endtime="20240912 13:23:06.301"/>
</kw>
<kw name="Convert Date" library="DateTime">
<var>${formatted_time}</var>
<arg>${current_time}</arg>
<arg>result_format=%H:%M</arg>
<doc>Converts between supported `date formats`.</doc>
<msg timestamp="20240912 13:23:06.302" level="INFO">${formatted_time} = 13:23</msg>
<status status="PASS" starttime="20240912 13:23:06.301" endtime="20240912 13:23:06.302"/>
</kw>
<kw name="Log To Console" library="BuiltIn">
<arg>Current time: ${formatted_time}</arg>
<doc>Logs the given message to the console.</doc>
<status status="PASS" starttime="20240912 13:23:06.302" endtime="20240912 13:23:06.302"/>
</kw>
<kw name="Run Keyword If" library="BuiltIn">
<arg>'${formatted_time}' == '${SCHEDULED_TIME}' or '${formatted_time}' == '${MANUAL_RUN_TIME}'</arg>
<arg>Run Python Script</arg>
<arg>${formatted_time}</arg>
<arg>ELSE</arg>
<arg>Log To Console</arg>
<arg>Not time to run script yet (${formatted_time})</arg>
<doc>Runs the given keyword with the given arguments, if ``condition`` is true.</doc>
<kw name="Log To Console" library="BuiltIn">
<arg>Not time to run script yet (${formatted_time})</arg>
<doc>Logs the given message to the console.</doc>
<status status="PASS" starttime="20240912 13:23:06.303" endtime="20240912 13:23:06.303"/>
</kw>
<status status="PASS" starttime="20240912 13:23:06.302" endtime="20240912 13:23:06.303"/>
</kw>
<kw name="Sleep" library="BuiltIn">
<arg>60s</arg>
<doc>Pauses the test executed for the given time.</doc>
<msg timestamp="20240912 13:24:06.308" level="INFO">Slept 1 minute</msg>
<status status="PASS" starttime="20240912 13:23:06.303" endtime="20240912 13:24:06.310"/>
</kw>
<status status="PASS" starttime="20240912 13:23:06.298" endtime="20240912 13:24:06.310"/>
</iter>
<iter>
<var name="${i}">21</var>
<kw name="Get Current Date" library="DateTime">
<var>${current_time}</var>
<arg>result_format=datetime</arg>
<doc>Returns current local or UTC time with an optional increment.</doc>
<msg timestamp="20240912 13:24:06.313" level="INFO">${current_time} = 2024-09-12 13:24:06.312805</msg>
<status status="PASS" starttime="20240912 13:24:06.312" endtime="20240912 13:24:06.313"/>
</kw>
<kw name="Convert Date" library="DateTime">
<var>${formatted_time}</var>
<arg>${current_time}</arg>
<arg>result_format=%H:%M</arg>
<doc>Converts between supported `date formats`.</doc>
<msg timestamp="20240912 13:24:06.314" level="INFO">${formatted_time} = 13:24</msg>
<status status="PASS" starttime="20240912 13:24:06.313" endtime="20240912 13:24:06.314"/>
</kw>
<kw name="Log To Console" library="BuiltIn">
<arg>Current time: ${formatted_time}</arg>
<doc>Logs the given message to the console.</doc>
<status status="PASS" starttime="20240912 13:24:06.314" endtime="20240912 13:24:06.314"/>
</kw>
<kw name="Run Keyword If" library="BuiltIn">
<arg>'${formatted_time}' == '${SCHEDULED_TIME}' or '${formatted_time}' == '${MANUAL_RUN_TIME}'</arg>
<arg>Run Python Script</arg>
<arg>${formatted_time}</arg>
<arg>ELSE</arg>
<arg>Log To Console</arg>
<arg>Not time to run script yet (${formatted_time})</arg>
<doc>Runs the given keyword with the given arguments, if ``condition`` is true.</doc>
<kw name="Log To Console" library="BuiltIn">
<arg>Not time to run script yet (${formatted_time})</arg>
<doc>Logs the given message to the console.</doc>
<status status="PASS" starttime="20240912 13:24:06.315" endtime="20240912 13:24:06.316"/>
</kw>
<status status="PASS" starttime="20240912 13:24:06.315" endtime="20240912 13:24:06.316"/>
</kw>
<kw name="Sleep" library="BuiltIn">
<arg>60s</arg>
<doc>Pauses the test executed for the given time.</doc>
<msg timestamp="20240912 13:25:06.319" level="INFO">Slept 1 minute</msg>
<status status="PASS" starttime="20240912 13:24:06.316" endtime="20240912 13:25:06.321"/>
</kw>
<status status="PASS" starttime="20240912 13:24:06.311" endtime="20240912 13:25:06.321"/>
</iter>
<iter>
<var name="${i}">22</var>
<kw name="Get Current Date" library="DateTime">
<var>${current_time}</var>
<arg>result_format=datetime</arg>
<doc>Returns current local or UTC time with an optional increment.</doc>
<msg timestamp="20240912 13:25:06.322" level="INFO">${current_time} = 2024-09-12 13:25:06.322182</msg>
<status status="PASS" starttime="20240912 13:25:06.322" endtime="20240912 13:25:06.322"/>
</kw>
<kw name="Convert Date" library="DateTime">
<var>${formatted_time}</var>
<arg>${current_time}</arg>
<arg>result_format=%H:%M</arg>
<doc>Converts between supported `date formats`.</doc>
<msg timestamp="20240912 13:25:06.323" level="INFO">${formatted_time} = 13:25</msg>
<status status="PASS" starttime="20240912 13:25:06.322" endtime="20240912 13:25:06.323"/>
</kw>
<kw name="Log To Console" library="BuiltIn">
<arg>Current time: ${formatted_time}</arg>
<doc>Logs the given message to the console.</doc>
<status status="PASS" starttime="20240912 13:25:06.323" endtime="20240912 13:25:06.323"/>
</kw>
<kw name="Run Keyword If" library="BuiltIn">
<arg>'${formatted_time}' == '${SCHEDULED_TIME}' or '${formatted_time}' == '${MANUAL_RUN_TIME}'</arg>
<arg>Run Python Script</arg>
<arg>${formatted_time}</arg>
<arg>ELSE</arg>
<arg>Log To Console</arg>
<arg>Not time to run script yet (${formatted_time})</arg>
<doc>Runs the given keyword with the given arguments, if ``condition`` is true.</doc>
<kw name="Log To Console" library="BuiltIn">
<arg>Not time to run script yet (${formatted_time})</arg>
<doc>Logs the given message to the console.</doc>
<status status="PASS" starttime="20240912 13:25:06.324" endtime="20240912 13:25:06.324"/>
</kw>
<status status="PASS" starttime="20240912 13:25:06.323" endtime="20240912 13:25:06.324"/>
</kw>
<kw name="Sleep" library="BuiltIn">
<arg>60s</arg>
<doc>Pauses the test executed for the given time.</doc>
<msg timestamp="20240912 13:26:06.327" level="INFO">Slept 1 minute</msg>
<status status="PASS" starttime="20240912 13:25:06.324" endtime="20240912 13:26:06.329"/>
</kw>
<status status="PASS" starttime="20240912 13:25:06.321" endtime="20240912 13:26:06.329"/>
</iter>
<iter>
<var name="${i}">23</var>
<kw name="Get Current Date" library="DateTime">
<var>${current_time}</var>
<arg>result_format=datetime</arg>
<doc>Returns current local or UTC time with an optional increment.</doc>
<msg timestamp="20240912 13:26:06.332" level="INFO">${current_time} = 2024-09-12 13:26:06.332226</msg>
<status status="PASS" starttime="20240912 13:26:06.331" endtime="20240912 13:26:06.332"/>
</kw>
<kw name="Convert Date" library="DateTime">
<var>${formatted_time}</var>
<arg>${current_time}</arg>
<arg>result_format=%H:%M</arg>
<doc>Converts between supported `date formats`.</doc>
<msg timestamp="20240912 13:26:06.333" level="INFO">${formatted_time} = 13:26</msg>
<status status="PASS" starttime="20240912 13:26:06.333" endtime="20240912 13:26:06.333"/>
</kw>
<kw name="Log To Console" library="BuiltIn">
<arg>Current time: ${formatted_time}</arg>
<doc>Logs the given message to the console.</doc>
<status status="PASS" starttime="20240912 13:26:06.333" endtime="20240912 13:26:06.334"/>
</kw>
<kw name="Run Keyword If" library="BuiltIn">
<arg>'${formatted_time}' == '${SCHEDULED_TIME}' or '${formatted_time}' == '${MANUAL_RUN_TIME}'</arg>
<arg>Run Python Script</arg>
<arg>${formatted_time}</arg>
<arg>ELSE</arg>
<arg>Log To Console</arg>
<arg>Not time to run script yet (${formatted_time})</arg>
<doc>Runs the given keyword with the given arguments, if ``condition`` is true.</doc>
<kw name="Log To Console" library="BuiltIn">
<arg>Not time to run script yet (${formatted_time})</arg>
<doc>Logs the given message to the console.</doc>
<status status="PASS" starttime="20240912 13:26:06.336" endtime="20240912 13:26:06.336"/>
</kw>
<status status="PASS" starttime="20240912 13:26:06.334" endtime="20240912 13:26:06.336"/>
</kw>
<kw name="Sleep" library="BuiltIn">
<arg>60s</arg>
<doc>Pauses the test executed for the given time.</doc>
<msg timestamp="20240912 13:27:06.339" level="INFO">Slept 1 minute</msg>
<status status="PASS" starttime="20240912 13:26:06.336" endtime="20240912 13:27:06.340"/>
</kw>
<status status="PASS" starttime="20240912 13:26:06.330" endtime="20240912 13:27:06.340"/>
</iter>
<iter>
<var name="${i}">24</var>
<kw name="Get Current Date" library="DateTime">
<var>${current_time}</var>
<arg>result_format=datetime</arg>
<doc>Returns current local or UTC time with an optional increment.</doc>
<msg timestamp="20240912 13:27:06.342" level="INFO">${current_time} = 2024-09-12 13:27:06.342161</msg>
<status status="PASS" starttime="20240912 13:27:06.342" endtime="20240912 13:27:06.342"/>
</kw>
<kw name="Convert Date" library="DateTime">
<var>${formatted_time}</var>
<arg>${current_time}</arg>
<arg>result_format=%H:%M</arg>
<doc>Converts between supported `date formats`.</doc>
<msg timestamp="20240912 13:27:06.343" level="INFO">${formatted_time} = 13:27</msg>
<status status="PASS" starttime="20240912 13:27:06.343" endtime="20240912 13:27:06.343"/>
</kw>
<kw name="Log To Console" library="BuiltIn">
<arg>Current time: ${formatted_time}</arg>
<doc>Logs the given message to the console.</doc>
<status status="PASS" starttime="20240912 13:27:06.343" endtime="20240912 13:27:06.343"/>
</kw>
<kw name="Run Keyword If" library="BuiltIn">
<arg>'${formatted_time}' == '${SCHEDULED_TIME}' or '${formatted_time}' == '${MANUAL_RUN_TIME}'</arg>
<arg>Run Python Script</arg>
<arg>${formatted_time}</arg>
<arg>ELSE</arg>
<arg>Log To Console</arg>
<arg>Not time to run script yet (${formatted_time})</arg>
<doc>Runs the given keyword with the given arguments, if ``condition`` is true.</doc>
<kw name="Log To Console" library="BuiltIn">
<arg>Not time to run script yet (${formatted_time})</arg>
<doc>Logs the given message to the console.</doc>
<status status="PASS" starttime="20240912 13:27:06.344" endtime="20240912 13:27:06.344"/>
</kw>
<status status="PASS" starttime="20240912 13:27:06.343" endtime="20240912 13:27:06.344"/>
</kw>
<kw name="Sleep" library="BuiltIn">
<arg>60s</arg>
<doc>Pauses the test executed for the given time.</doc>
<msg timestamp="20240912 13:28:06.346" level="INFO">Slept 1 minute</msg>
<status status="PASS" starttime="20240912 13:27:06.344" endtime="20240912 13:28:06.348"/>
</kw>
<status status="PASS" starttime="20240912 13:27:06.341" endtime="20240912 13:28:06.348"/>
</iter>
<iter>
<var name="${i}">25</var>
<kw name="Get Current Date" library="DateTime">
<var>${current_time}</var>
<arg>result_format=datetime</arg>
<doc>Returns current local or UTC time with an optional increment.</doc>
<msg timestamp="20240912 13:28:06.351" level="INFO">${current_time} = 2024-09-12 13:28:06.350488</msg>
<status status="PASS" starttime="20240912 13:28:06.350" endtime="20240912 13:28:06.351"/>
</kw>
<kw name="Convert Date" library="DateTime">
<var>${formatted_time}</var>
<arg>${current_time}</arg>
<arg>result_format=%H:%M</arg>
<doc>Converts between supported `date formats`.</doc>
<msg timestamp="20240912 13:28:06.351" level="INFO">${formatted_time} = 13:28</msg>
<status status="PASS" starttime="20240912 13:28:06.351" endtime="20240912 13:28:06.351"/>
</kw>
<kw name="Log To Console" library="BuiltIn">
<arg>Current time: ${formatted_time}</arg>
<doc>Logs the given message to the console.</doc>
<status status="PASS" starttime="20240912 13:28:06.351" endtime="20240912 13:28:06.352"/>
</kw>
<kw name="Run Keyword If" library="BuiltIn">
<arg>'${formatted_time}' == '${SCHEDULED_TIME}' or '${formatted_time}' == '${MANUAL_RUN_TIME}'</arg>
<arg>Run Python Script</arg>
<arg>${formatted_time}</arg>
<arg>ELSE</arg>
<arg>Log To Console</arg>
<arg>Not time to run script yet (${formatted_time})</arg>
<doc>Runs the given keyword with the given arguments, if ``condition`` is true.</doc>
<kw name="Log To Console" library="BuiltIn">
<arg>Not time to run script yet (${formatted_time})</arg>
<doc>Logs the given message to the console.</doc>
<status status="PASS" starttime="20240912 13:28:06.352" endtime="20240912 13:28:06.353"/>
</kw>
<status status="PASS" starttime="20240912 13:28:06.352" endtime="20240912 13:28:06.353"/>
</kw>
<kw name="Sleep" library="BuiltIn">
<arg>60s</arg>
<doc>Pauses the test executed for the given time.</doc>
<msg timestamp="20240912 13:29:06.356" level="INFO">Slept 1 minute</msg>
<status status="PASS" starttime="20240912 13:28:06.353" endtime="20240912 13:29:06.358"/>
</kw>
<status status="PASS" starttime="20240912 13:28:06.349" endtime="20240912 13:29:06.358"/>
</iter>
<iter>
<var name="${i}">26</var>
<kw name="Get Current Date" library="DateTime">
<var>${current_time}</var>
<arg>result_format=datetime</arg>
<doc>Returns current local or UTC time with an optional increment.</doc>
<msg timestamp="20240912 13:29:06.361" level="INFO">${current_time} = 2024-09-12 13:29:06.360504</msg>
<status status="PASS" starttime="20240912 13:29:06.360" endtime="20240912 13:29:06.361"/>
</kw>
<kw name="Convert Date" library="DateTime">
<var>${formatted_time}</var>
<arg>${current_time}</arg>
<arg>result_format=%H:%M</arg>
<doc>Converts between supported `date formats`.</doc>
<msg timestamp="20240912 13:29:06.361" level="INFO">${formatted_time} = 13:29</msg>
<status status="PASS" starttime="20240912 13:29:06.361" endtime="20240912 13:29:06.361"/>
</kw>
<kw name="Log To Console" library="BuiltIn">
<arg>Current time: ${formatted_time}</arg>
<doc>Logs the given message to the console.</doc>
<status status="PASS" starttime="20240912 13:29:06.361" endtime="20240912 13:29:06.362"/>
</kw>
<kw name="Run Keyword If" library="BuiltIn">
<arg>'${formatted_time}' == '${SCHEDULED_TIME}' or '${formatted_time}' == '${MANUAL_RUN_TIME}'</arg>
<arg>Run Python Script</arg>
<arg>${formatted_time}</arg>
<arg>ELSE</arg>
<arg>Log To Console</arg>
<arg>Not time to run script yet (${formatted_time})</arg>
<doc>Runs the given keyword with the given arguments, if ``condition`` is true.</doc>
<kw name="Log To Console" library="BuiltIn">
<arg>Not time to run script yet (${formatted_time})</arg>
<doc>Logs the given message to the console.</doc>
<status status="PASS" starttime="20240912 13:29:06.363" endtime="20240912 13:29:06.363"/>
</kw>
<status status="PASS" starttime="20240912 13:29:06.362" endtime="20240912 13:29:06.363"/>
</kw>
<kw name="Sleep" library="BuiltIn">
<arg>60s</arg>
<doc>Pauses the test executed for the given time.</doc>
<msg timestamp="20240912 13:30:06.375" level="INFO">Slept 1 minute</msg>
<status status="PASS" starttime="20240912 13:29:06.363" endtime="20240912 13:30:06.379"/>
</kw>
<status status="PASS" starttime="20240912 13:29:06.359" endtime="20240912 13:30:06.380"/>
</iter>
<iter>
<var name="${i}">27</var>
<kw name="Get Current Date" library="DateTime">
<var>${current_time}</var>
<arg>result_format=datetime</arg>
<doc>Returns current local or UTC time with an optional increment.</doc>
<msg timestamp="20240912 13:30:06.385" level="INFO">${current_time} = 2024-09-12 13:30:06.384400</msg>
<status status="PASS" starttime="20240912 13:30:06.382" endtime="20240912 13:30:06.385"/>
</kw>
<kw name="Convert Date" library="DateTime">
<var>${formatted_time}</var>
<arg>${current_time}</arg>
<arg>result_format=%H:%M</arg>
<doc>Converts between supported `date formats`.</doc>
<msg timestamp="20240912 13:30:06.386" level="INFO">${formatted_time} = 13:30</msg>
<status status="PASS" starttime="20240912 13:30:06.385" endtime="20240912 13:30:06.386"/>
</kw>
<kw name="Log To Console" library="BuiltIn">
<arg>Current time: ${formatted_time}</arg>
<doc>Logs the given message to the console.</doc>
<status status="PASS" starttime="20240912 13:30:06.386" endtime="20240912 13:30:06.387"/>
</kw>
<kw name="Run Keyword If" library="BuiltIn">
<arg>'${formatted_time}' == '${SCHEDULED_TIME}' or '${formatted_time}' == '${MANUAL_RUN_TIME}'</arg>
<arg>Run Python Script</arg>
<arg>${formatted_time}</arg>
<arg>ELSE</arg>
<arg>Log To Console</arg>
<arg>Not time to run script yet (${formatted_time})</arg>
<doc>Runs the given keyword with the given arguments, if ``condition`` is true.</doc>
<kw name="Log To Console" library="BuiltIn">
<arg>Not time to run script yet (${formatted_time})</arg>
<doc>Logs the given message to the console.</doc>
<status status="PASS" starttime="20240912 13:30:06.399" endtime="20240912 13:30:06.406"/>
</kw>
<status status="PASS" starttime="20240912 13:30:06.387" endtime="20240912 13:30:06.406"/>
</kw>
<kw name="Sleep" library="BuiltIn">
<arg>60s</arg>
<doc>Pauses the test executed for the given time.</doc>
<msg timestamp="20240912 13:31:06.410" level="INFO">Slept 1 minute</msg>
<status status="PASS" starttime="20240912 13:30:06.408" endtime="20240912 13:31:06.411"/>
</kw>
<status status="PASS" starttime="20240912 13:30:06.382" endtime="20240912 13:31:06.411"/>
</iter>
<iter>
<var name="${i}">28</var>
<kw name="Get Current Date" library="DateTime">
<var>${current_time}</var>
<arg>result_format=datetime</arg>
<doc>Returns current local or UTC time with an optional increment.</doc>
<msg timestamp="20240912 13:31:06.413" level="INFO">${current_time} = 2024-09-12 13:31:06.412718</msg>
<status status="PASS" starttime="20240912 13:31:06.412" endtime="20240912 13:31:06.413"/>
</kw>
<kw name="Convert Date" library="DateTime">
<var>${formatted_time}</var>
<arg>${current_time}</arg>
<arg>result_format=%H:%M</arg>
<doc>Converts between supported `date formats`.</doc>
<msg timestamp="20240912 13:31:06.413" level="INFO">${formatted_time} = 13:31</msg>
<status status="PASS" starttime="20240912 13:31:06.413" endtime="20240912 13:31:06.413"/>
</kw>
<kw name="Log To Console" library="BuiltIn">
<arg>Current time: ${formatted_time}</arg>
<doc>Logs the given message to the console.</doc>
<status status="PASS" starttime="20240912 13:31:06.413" endtime="20240912 13:31:06.414"/>
</kw>
<kw name="Run Keyword If" library="BuiltIn">
<arg>'${formatted_time}' == '${SCHEDULED_TIME}' or '${formatted_time}' == '${MANUAL_RUN_TIME}'</arg>
<arg>Run Python Script</arg>
<arg>${formatted_time}</arg>
<arg>ELSE</arg>
<arg>Log To Console</arg>
<arg>Not time to run script yet (${formatted_time})</arg>
<doc>Runs the given keyword with the given arguments, if ``condition`` is true.</doc>
<kw name="Log To Console" library="BuiltIn">
<arg>Not time to run script yet (${formatted_time})</arg>
<doc>Logs the given message to the console.</doc>
<status status="PASS" starttime="20240912 13:31:06.414" endtime="20240912 13:31:06.414"/>
</kw>
<status status="PASS" starttime="20240912 13:31:06.414" endtime="20240912 13:31:06.414"/>
</kw>
<kw name="Sleep" library="BuiltIn">
<arg>60s</arg>
<doc>Pauses the test executed for the given time.</doc>
<msg timestamp="20240912 13:32:06.423" level="INFO">Slept 1 minute</msg>
<status status="PASS" starttime="20240912 13:31:06.415" endtime="20240912 13:32:06.427"/>
</kw>
<status status="PASS" starttime="20240912 13:31:06.412" endtime="20240912 13:32:06.427"/>
</iter>
<iter>
<var name="${i}">29</var>
<kw name="Get Current Date" library="DateTime">
<var>${current_time}</var>
<arg>result_format=datetime</arg>
<doc>Returns current local or UTC time with an optional increment.</doc>
<msg timestamp="20240912 13:32:06.431" level="INFO">${current_time} = 2024-09-12 13:32:06.430663</msg>
<status status="PASS" starttime="20240912 13:32:06.429" endtime="20240912 13:32:06.431"/>
</kw>
<kw name="Convert Date" library="DateTime">
<var>${formatted_time}</var>
<arg>${current_time}</arg>
<arg>result_format=%H:%M</arg>
<doc>Converts between supported `date formats`.</doc>
<msg timestamp="20240912 13:32:06.432" level="INFO">${formatted_time} = 13:32</msg>
<status status="PASS" starttime="20240912 13:32:06.431" endtime="20240912 13:32:06.432"/>
</kw>
<kw name="Log To Console" library="BuiltIn">
<arg>Current time: ${formatted_time}</arg>
<doc>Logs the given message to the console.</doc>
<status status="PASS" starttime="20240912 13:32:06.432" endtime="20240912 13:32:06.433"/>
</kw>
<kw name="Run Keyword If" library="BuiltIn">
<arg>'${formatted_time}' == '${SCHEDULED_TIME}' or '${formatted_time}' == '${MANUAL_RUN_TIME}'</arg>
<arg>Run Python Script</arg>
<arg>${formatted_time}</arg>
<arg>ELSE</arg>
<arg>Log To Console</arg>
<arg>Not time to run script yet (${formatted_time})</arg>
<doc>Runs the given keyword with the given arguments, if ``condition`` is true.</doc>
<kw name="Log To Console" library="BuiltIn">
<arg>Not time to run script yet (${formatted_time})</arg>
<doc>Logs the given message to the console.</doc>
<status status="PASS" starttime="20240912 13:32:06.435" endtime="20240912 13:32:06.435"/>
</kw>
<status status="PASS" starttime="20240912 13:32:06.433" endtime="20240912 13:32:06.435"/>
</kw>
<kw name="Sleep" library="BuiltIn">
<arg>60s</arg>
<doc>Pauses the test executed for the given time.</doc>
<msg timestamp="20240912 13:33:06.439" level="INFO">Slept 1 minute</msg>
<status status="PASS" starttime="20240912 13:32:06.435" endtime="20240912 13:33:06.441"/>
</kw>
<status status="PASS" starttime="20240912 13:32:06.428" endtime="20240912 13:33:06.442"/>
</iter>
<iter>
<var name="${i}">30</var>
<kw name="Get Current Date" library="DateTime">
<var>${current_time}</var>
<arg>result_format=datetime</arg>
<doc>Returns current local or UTC time with an optional increment.</doc>
<msg timestamp="20240912 13:33:06.445" level="INFO">${current_time} = 2024-09-12 13:33:06.444368</msg>
<status status="PASS" starttime="20240912 13:33:06.444" endtime="20240912 13:33:06.445"/>
</kw>
<kw name="Convert Date" library="DateTime">
<var>${formatted_time}</var>
<arg>${current_time}</arg>
<arg>result_format=%H:%M</arg>
<doc>Converts between supported `date formats`.</doc>
<msg timestamp="20240912 13:33:06.445" level="INFO">${formatted_time} = 13:33</msg>
<status status="PASS" starttime="20240912 13:33:06.445" endtime="20240912 13:33:06.445"/>
</kw>
<kw name="Log To Console" library="BuiltIn">
<arg>Current time: ${formatted_time}</arg>
<doc>Logs the given message to the console.</doc>
<status status="PASS" starttime="20240912 13:33:06.445" endtime="20240912 13:33:06.446"/>
</kw>
<kw name="Run Keyword If" library="BuiltIn">
<arg>'${formatted_time}' == '${SCHEDULED_TIME}' or '${formatted_time}' == '${MANUAL_RUN_TIME}'</arg>
<arg>Run Python Script</arg>
<arg>${formatted_time}</arg>
<arg>ELSE</arg>
<arg>Log To Console</arg>
<arg>Not time to run script yet (${formatted_time})</arg>
<doc>Runs the given keyword with the given arguments, if ``condition`` is true.</doc>
<kw name="Log To Console" library="BuiltIn">
<arg>Not time to run script yet (${formatted_time})</arg>
<doc>Logs the given message to the console.</doc>
<status status="PASS" starttime="20240912 13:33:06.446" endtime="20240912 13:33:06.446"/>
</kw>
<status status="PASS" starttime="20240912 13:33:06.446" endtime="20240912 13:33:06.447"/>
</kw>
<kw name="Sleep" library="BuiltIn">
<arg>60s</arg>
<doc>Pauses the test executed for the given time.</doc>
<msg timestamp="20240912 13:34:06.450" level="INFO">Slept 1 minute</msg>
<status status="PASS" starttime="20240912 13:33:06.447" endtime="20240912 13:34:06.453"/>
</kw>
<status status="PASS" starttime="20240912 13:33:06.443" endtime="20240912 13:34:06.453"/>
</iter>
<iter>
<var name="${i}">31</var>
<kw name="Get Current Date" library="DateTime">
<var>${current_time}</var>
<arg>result_format=datetime</arg>
<doc>Returns current local or UTC time with an optional increment.</doc>
<msg timestamp="20240912 13:34:06.456" level="INFO">${current_time} = 2024-09-12 13:34:06.455440</msg>
<status status="PASS" starttime="20240912 13:34:06.455" endtime="20240912 13:34:06.456"/>
</kw>
<kw name="Convert Date" library="DateTime">
<var>${formatted_time}</var>
<arg>${current_time}</arg>
<arg>result_format=%H:%M</arg>
<doc>Converts between supported `date formats`.</doc>
<msg timestamp="20240912 13:34:06.456" level="INFO">${formatted_time} = 13:34</msg>
<status status="PASS" starttime="20240912 13:34:06.456" endtime="20240912 13:34:06.456"/>
</kw>
<kw name="Log To Console" library="BuiltIn">
<arg>Current time: ${formatted_time}</arg>
<doc>Logs the given message to the console.</doc>
<status status="PASS" starttime="20240912 13:34:06.456" endtime="20240912 13:34:06.457"/>
</kw>
<kw name="Run Keyword If" library="BuiltIn">
<arg>'${formatted_time}' == '${SCHEDULED_TIME}' or '${formatted_time}' == '${MANUAL_RUN_TIME}'</arg>
<arg>Run Python Script</arg>
<arg>${formatted_time}</arg>
<arg>ELSE</arg>
<arg>Log To Console</arg>
<arg>Not time to run script yet (${formatted_time})</arg>
<doc>Runs the given keyword with the given arguments, if ``condition`` is true.</doc>
<kw name="Log To Console" library="BuiltIn">
<arg>Not time to run script yet (${formatted_time})</arg>
<doc>Logs the given message to the console.</doc>
<status status="PASS" starttime="20240912 13:34:06.461" endtime="20240912 13:34:06.461"/>
</kw>
<status status="PASS" starttime="20240912 13:34:06.457" endtime="20240912 13:34:06.461"/>
</kw>
<kw name="Sleep" library="BuiltIn">
<arg>60s</arg>
<doc>Pauses the test executed for the given time.</doc>
<msg timestamp="20240912 13:35:06.463" level="INFO">Slept 1 minute</msg>
<status status="PASS" starttime="20240912 13:34:06.461" endtime="20240912 13:35:06.465"/>
</kw>
<status status="PASS" starttime="20240912 13:34:06.454" endtime="20240912 13:35:06.466"/>
</iter>
<iter>
<var name="${i}">32</var>
<kw name="Get Current Date" library="DateTime">
<var>${current_time}</var>
<arg>result_format=datetime</arg>
<doc>Returns current local or UTC time with an optional increment.</doc>
<msg timestamp="20240912 13:35:06.468" level="INFO">${current_time} = 2024-09-12 13:35:06.467568</msg>
<status status="PASS" starttime="20240912 13:35:06.467" endtime="20240912 13:35:06.468"/>
</kw>
<kw name="Convert Date" library="DateTime">
<var>${formatted_time}</var>
<arg>${current_time}</arg>
<arg>result_format=%H:%M</arg>
<doc>Converts between supported `date formats`.</doc>
<msg timestamp="20240912 13:35:06.468" level="INFO">${formatted_time} = 13:35</msg>
<status status="PASS" starttime="20240912 13:35:06.468" endtime="20240912 13:35:06.468"/>
</kw>
<kw name="Log To Console" library="BuiltIn">
<arg>Current time: ${formatted_time}</arg>
<doc>Logs the given message to the console.</doc>
<status status="PASS" starttime="20240912 13:35:06.468" endtime="20240912 13:35:06.469"/>
</kw>
<kw name="Run Keyword If" library="BuiltIn">
<arg>'${formatted_time}' == '${SCHEDULED_TIME}' or '${formatted_time}' == '${MANUAL_RUN_TIME}'</arg>
<arg>Run Python Script</arg>
<arg>${formatted_time}</arg>
<arg>ELSE</arg>
<arg>Log To Console</arg>
<arg>Not time to run script yet (${formatted_time})</arg>
<doc>Runs the given keyword with the given arguments, if ``condition`` is true.</doc>
<kw name="Log To Console" library="BuiltIn">
<arg>Not time to run script yet (${formatted_time})</arg>
<doc>Logs the given message to the console.</doc>
<status status="PASS" starttime="20240912 13:35:06.470" endtime="20240912 13:35:06.470"/>
</kw>
<status status="PASS" starttime="20240912 13:35:06.469" endtime="20240912 13:35:06.470"/>
</kw>
<kw name="Sleep" library="BuiltIn">
<arg>60s</arg>
<doc>Pauses the test executed for the given time.</doc>
<msg timestamp="20240912 13:36:06.473" level="INFO">Slept 1 minute</msg>
<status status="PASS" starttime="20240912 13:35:06.470" endtime="20240912 13:36:06.474"/>
</kw>
<status status="PASS" starttime="20240912 13:35:06.466" endtime="20240912 13:36:06.474"/>
</iter>
<iter>
<var name="${i}">33</var>
<kw name="Get Current Date" library="DateTime">
<var>${current_time}</var>
<arg>result_format=datetime</arg>
<doc>Returns current local or UTC time with an optional increment.</doc>
<msg timestamp="20240912 13:36:06.475" level="INFO">${current_time} = 2024-09-12 13:36:06.475164</msg>
<status status="PASS" starttime="20240912 13:36:06.475" endtime="20240912 13:36:06.475"/>
</kw>
<kw name="Convert Date" library="DateTime">
<var>${formatted_time}</var>
<arg>${current_time}</arg>
<arg>result_format=%H:%M</arg>
<doc>Converts between supported `date formats`.</doc>
<msg timestamp="20240912 13:36:06.476" level="INFO">${formatted_time} = 13:36</msg>
<status status="PASS" starttime="20240912 13:36:06.475" endtime="20240912 13:36:06.476"/>
</kw>
<kw name="Log To Console" library="BuiltIn">
<arg>Current time: ${formatted_time}</arg>
<doc>Logs the given message to the console.</doc>
<status status="PASS" starttime="20240912 13:36:06.476" endtime="20240912 13:36:06.476"/>
</kw>
<kw name="Run Keyword If" library="BuiltIn">
<arg>'${formatted_time}' == '${SCHEDULED_TIME}' or '${formatted_time}' == '${MANUAL_RUN_TIME}'</arg>
<arg>Run Python Script</arg>
<arg>${formatted_time}</arg>
<arg>ELSE</arg>
<arg>Log To Console</arg>
<arg>Not time to run script yet (${formatted_time})</arg>
<doc>Runs the given keyword with the given arguments, if ``condition`` is true.</doc>
<kw name="Log To Console" library="BuiltIn">
<arg>Not time to run script yet (${formatted_time})</arg>
<doc>Logs the given message to the console.</doc>
<status status="PASS" starttime="20240912 13:36:06.477" endtime="20240912 13:36:06.477"/>
</kw>
<status status="PASS" starttime="20240912 13:36:06.476" endtime="20240912 13:36:06.477"/>
</kw>
<kw name="Sleep" library="BuiltIn">
<arg>60s</arg>
<doc>Pauses the test executed for the given time.</doc>
<msg timestamp="20240912 13:37:06.480" level="INFO">Slept 1 minute</msg>
<status status="PASS" starttime="20240912 13:36:06.477" endtime="20240912 13:37:06.483"/>
</kw>
<status status="PASS" starttime="20240912 13:36:06.474" endtime="20240912 13:37:06.483"/>
</iter>
<iter>
<var name="${i}">34</var>
<kw name="Get Current Date" library="DateTime">
<var>${current_time}</var>
<arg>result_format=datetime</arg>
<doc>Returns current local or UTC time with an optional increment.</doc>
<msg timestamp="20240912 13:37:06.487" level="INFO">${current_time} = 2024-09-12 13:37:06.486586</msg>
<status status="PASS" starttime="20240912 13:37:06.485" endtime="20240912 13:37:06.487"/>
</kw>
<kw name="Convert Date" library="DateTime">
<var>${formatted_time}</var>
<arg>${current_time}</arg>
<arg>result_format=%H:%M</arg>
<doc>Converts between supported `date formats`.</doc>
<msg timestamp="20240912 13:37:06.487" level="INFO">${formatted_time} = 13:37</msg>
<status status="PASS" starttime="20240912 13:37:06.487" endtime="20240912 13:37:06.487"/>
</kw>
<kw name="Log To Console" library="BuiltIn">
<arg>Current time: ${formatted_time}</arg>
<doc>Logs the given message to the console.</doc>
<status status="PASS" starttime="20240912 13:37:06.488" endtime="20240912 13:37:06.488"/>
</kw>
<kw name="Run Keyword If" library="BuiltIn">
<arg>'${formatted_time}' == '${SCHEDULED_TIME}' or '${formatted_time}' == '${MANUAL_RUN_TIME}'</arg>
<arg>Run Python Script</arg>
<arg>${formatted_time}</arg>
<arg>ELSE</arg>
<arg>Log To Console</arg>
<arg>Not time to run script yet (${formatted_time})</arg>
<doc>Runs the given keyword with the given arguments, if ``condition`` is true.</doc>
<kw name="Log To Console" library="BuiltIn">
<arg>Not time to run script yet (${formatted_time})</arg>
<doc>Logs the given message to the console.</doc>
[...]
</iter>
<iter>
<var name="${i}">153</var>
<kw name="Get Current Date" library="DateTime">
<var>${current_time}</var>
<arg>result_format=datetime</arg>
<doc>Returns current local or UTC time with an optional increment.</doc>
<msg timestamp="20240912 19:24:19.468" level="INFO">${current_time} = 2024-09-12 19:24:19.467871</msg>
<status status="PASS" starttime="20240912 19:24:19.467" endtime="20240912 19:24:19.468"/>
</kw>
<kw name="Convert Date" library="DateTime">
<var>${formatted_time}</var>
<arg>${current_time}</arg>
<arg>result_format=%H:%M</arg>
<doc>Converts between supported `date formats`.</doc>
<msg timestamp="20240912 19:24:19.469" level="INFO">${formatted_time} = 19:24</msg>
<status status="PASS" starttime="20240912 19:24:19.468" endtime="20240912 19:24:19.469"/>
</kw>
<kw name="Log To Console" library="BuiltIn">
<arg>Current time: ${formatted_time}</arg>
<doc>Logs the given message to the console.</doc>
<status status="PASS" starttime="20240912 19:24:19.469" endtime="20240912 19:24:19.470"/>
</kw>
<kw name="Run Keyword If" library="BuiltIn">
<arg>'${formatted_time}' == '${SCHEDULED_TIME}' or '${formatted_time}' == '${MANUAL_RUN_TIME}'</arg>
<arg>Run Python Script</arg>
<arg>${formatted_time}</arg>
<arg>ELSE</arg>
<arg>Log To Console</arg>
<arg>Not time to run script yet (${formatted_time})</arg>
<doc>Runs the given keyword with the given arguments, if ``condition`` is true.</doc>
<kw name="Log To Console" library="BuiltIn">
<arg>Not time to run script yet (${formatted_time})</arg>
<doc>Logs the given message to the console.</doc>
<status status="PASS" starttime="20240912 19:24:19.470" endtime="20240912 19:24:19.471"/>
</kw>
<status status="PASS" starttime="20240912 19:24:19.470" endtime="20240912 19:24:19.471"/>
</kw>
<kw name="Sleep" library="BuiltIn">
<arg>60s</arg>
<doc>Pauses the test executed for the given time.</doc>
<msg timestamp="20240912 19:25:19.471" level="INFO">Slept 1 minute</msg>
<status status="PASS" starttime="20240912 19:24:19.471" endtime="20240912 19:25:19.472"/>
</kw>
<status status="PASS" starttime="20240912 19:24:19.466" endtime="20240912 19:25:19.472"/>
</iter>
<iter>
<var name="${i}">154</var>
<kw name="Get Current Date" library="DateTime">
<var>${current_time}</var>
<arg>result_format=datetime</arg>
<doc>Returns current local or UTC time with an optional increment.</doc>
<msg timestamp="20240912 19:25:19.472" level="INFO">${current_time} = 2024-09-12 19:25:19.472081</msg>
<status status="PASS" starttime="20240912 19:25:19.472" endtime="20240912 19:25:19.472"/>
</kw>
<kw name="Convert Date" library="DateTime">
<var>${formatted_time}</var>
<arg>${current_time}</arg>
<arg>result_format=%H:%M</arg>
<doc>Converts between supported `date formats`.</doc>
<msg timestamp="20240912 19:25:19.473" level="INFO">${formatted_time} = 19:25</msg>
<status status="PASS" starttime="20240912 19:25:19.472" endtime="20240912 19:25:19.473"/>
</kw>
<kw name="Log To Console" library="BuiltIn">
<arg>Current time: ${formatted_time}</arg>
<doc>Logs the given message to the console.</doc>
<status status="PASS" starttime="20240912 19:25:19.473" endtime="20240912 19:25:19.473"/>
</kw>
<kw name="Run Keyword If" library="BuiltIn">
<arg>'${formatted_time}' == '${SCHEDULED_TIME}' or '${formatted_time}' == '${MANUAL_RUN_TIME}'</arg>
<arg>Run Python Script</arg>
<arg>${formatted_time}</arg>
<arg>ELSE</arg>
<arg>Log To Console</arg>
<arg>Not time to run script yet (${formatted_time})</arg>
<doc>Runs the given keyword with the given arguments, if ``condition`` is true.</doc>
<kw name="Log To Console" library="BuiltIn">
<arg>Not time to run script yet (${formatted_time})</arg>
<doc>Logs the given message to the console.</doc>
<status status="PASS" starttime="20240912 19:25:19.473" endtime="20240912 19:25:19.475"/>
</kw>
<status status="PASS" starttime="20240912 19:25:19.473" endtime="20240912 19:25:19.475"/>
</kw>
<kw name="Sleep" library="BuiltIn">
<arg>60s</arg>
<doc>Pauses the test executed for the given time.</doc>
<msg timestamp="20240912 19:26:19.478" level="INFO">Slept 1 minute</msg>
<status status="PASS" starttime="20240912 19:25:19.475" endtime="20240912 19:26:19.480"/>
</kw>
<status status="PASS" starttime="20240912 19:25:19.472" endtime="20240912 19:26:19.480"/>
</iter>
<iter>
<var name="${i}">155</var>
<kw name="Get Current Date" library="DateTime">
<var>${current_time}</var>
<arg>result_format=datetime</arg>
<doc>Returns current local or UTC time with an optional increment.</doc>
<msg timestamp="20240912 19:26:19.483" level="INFO">${current_time} = 2024-09-12 19:26:19.482977</msg>
<status status="PASS" starttime="20240912 19:26:19.482" endtime="20240912 19:26:19.483"/>
</kw>
<kw name="Convert Date" library="DateTime">
<var>${formatted_time}</var>
<arg>${current_time}</arg>
<arg>result_format=%H:%M</arg>
<doc>Converts between supported `date formats`.</doc>
<msg timestamp="20240912 19:26:19.484" level="INFO">${formatted_time} = 19:26</msg>
<status status="PASS" starttime="20240912 19:26:19.483" endtime="20240912 19:26:19.484"/>
</kw>
<kw name="Log To Console" library="BuiltIn">
<arg>Current time: ${formatted_time}</arg>
<doc>Logs the given message to the console.</doc>
<status status="PASS" starttime="20240912 19:26:19.484" endtime="20240912 19:26:19.484"/>
</kw>
<kw name="Run Keyword If" library="BuiltIn">
<arg>'${formatted_time}' == '${SCHEDULED_TIME}' or '${formatted_time}' == '${MANUAL_RUN_TIME}'</arg>
<arg>Run Python Script</arg>
<arg>${formatted_time}</arg>
<arg>ELSE</arg>
<arg>Log To Console</arg>
<arg>Not time to run script yet (${formatted_time})</arg>
<doc>Runs the given keyword with the given arguments, if ``condition`` is true.</doc>
<kw name="Log To Console" library="BuiltIn">
<arg>Not time to run script yet (${formatted_time})</arg>
<doc>Logs the given message to the console.</doc>
<status status="PASS" starttime="20240912 19:26:19.485" endtime="20240912 19:26:19.485"/>
</kw>
<status status="PASS" starttime="20240912 19:26:19.484" endtime="20240912 19:26:19.485"/>
</kw>
<kw name="Sleep" library="BuiltIn">
<arg>60s</arg>
<doc>Pauses the test executed for the given time.</doc>
<msg timestamp="20240912 19:27:19.487" level="INFO">Slept 1 minute</msg>
<status status="PASS" starttime="20240912 19:26:19.485" endtime="20240912 19:27:19.489"/>
</kw>
<status status="PASS" starttime="20240912 19:26:19.482" endtime="20240912 19:27:19.489"/>
</iter>
<iter>
<var name="${i}">156</var>
<kw name="Get Current Date" library="DateTime">
<var>${current_time}</var>
<arg>result_format=datetime</arg>
<doc>Returns current local or UTC time with an optional increment.</doc>
<msg timestamp="20240912 19:27:19.491" level="INFO">${current_time} = 2024-09-12 19:27:19.491180</msg>
<status status="PASS" starttime="20240912 19:27:19.491" endtime="20240912 19:27:19.491"/>
</kw>
<kw name="Convert Date" library="DateTime">
<var>${formatted_time}</var>
<arg>${current_time}</arg>
<arg>result_format=%H:%M</arg>
<doc>Converts between supported `date formats`.</doc>
<msg timestamp="20240912 19:27:19.492" level="INFO">${formatted_time} = 19:27</msg>
<status status="PASS" starttime="20240912 19:27:19.492" endtime="20240912 19:27:19.492"/>
</kw>
<kw name="Log To Console" library="BuiltIn">
<arg>Current time: ${formatted_time}</arg>
<doc>Logs the given message to the console.</doc>
<status status="PASS" starttime="20240912 19:27:19.492" endtime="20240912 19:27:19.493"/>
</kw>
<kw name="Run Keyword If" library="BuiltIn">
<arg>'${formatted_time}' == '${SCHEDULED_TIME}' or '${formatted_time}' == '${MANUAL_RUN_TIME}'</arg>
<arg>Run Python Script</arg>
<arg>${formatted_time}</arg>
<arg>ELSE</arg>
<arg>Log To Console</arg>
<arg>Not time to run script yet (${formatted_time})</arg>
<doc>Runs the given keyword with the given arguments, if ``condition`` is true.</doc>
<kw name="Log To Console" library="BuiltIn">
<arg>Not time to run script yet (${formatted_time})</arg>
<doc>Logs the given message to the console.</doc>
<status status="PASS" starttime="20240912 19:27:19.494" endtime="20240912 19:27:19.495"/>
</kw>
<status status="PASS" starttime="20240912 19:27:19.493" endtime="20240912 19:27:19.495"/>
</kw>
<kw name="Sleep" library="BuiltIn">
<arg>60s</arg>
<doc>Pauses the test executed for the given time.</doc>
<msg timestamp="20240912 19:28:19.498" level="INFO">Slept 1 minute</msg>
<status status="PASS" starttime="20240912 19:27:19.495" endtime="20240912 19:28:19.499"/>
</kw>
<status status="PASS" starttime="20240912 19:27:19.490" endtime="20240912 19:28:19.500"/>
</iter>
<iter>
<var name="${i}">157</var>
<kw name="Get Current Date" library="DateTime">
<var>${current_time}</var>
<arg>result_format=datetime</arg>
<doc>Returns current local or UTC time with an optional increment.</doc>
<msg timestamp="20240912 19:28:19.502" level="INFO">${current_time} = 2024-09-12 19:28:19.501908</msg>
<status status="PASS" starttime="20240912 19:28:19.501" endtime="20240912 19:28:19.502"/>
</kw>
<kw name="Convert Date" library="DateTime">
<var>${formatted_time}</var>
<arg>${current_time}</arg>
<arg>result_format=%H:%M</arg>
<doc>Converts between supported `date formats`.</doc>
<msg timestamp="20240912 19:28:19.503" level="INFO">${formatted_time} = 19:28</msg>
<status status="PASS" starttime="20240912 19:28:19.502" endtime="20240912 19:28:19.503"/>
</kw>
<kw name="Log To Console" library="BuiltIn">
<arg>Current time: ${formatted_time}</arg>
<doc>Logs the given message to the console.</doc>
<status status="PASS" starttime="20240912 19:28:19.503" endtime="20240912 19:28:19.503"/>
</kw>
<kw name="Run Keyword If" library="BuiltIn">
<arg>'${formatted_time}' == '${SCHEDULED_TIME}' or '${formatted_time}' == '${MANUAL_RUN_TIME}'</arg>
<arg>Run Python Script</arg>
<arg>${formatted_time}</arg>
<arg>ELSE</arg>
<arg>Log To Console</arg>
<arg>Not time to run script yet (${formatted_time})</arg>
<doc>Runs the given keyword with the given arguments, if ``condition`` is true.</doc>
<kw name="Log To Console" library="BuiltIn">
<arg>Not time to run script yet (${formatted_time})</arg>
<doc>Logs the given message to the console.</doc>
<status status="PASS" starttime="20240912 19:28:19.504" endtime="20240912 19:28:19.504"/>
</kw>
<status status="PASS" starttime="20240912 19:28:19.503" endtime="20240912 19:28:19.504"/>
</kw>
<kw name="Sleep" library="BuiltIn">
<arg>60s</arg>
<doc>Pauses the test executed for the given time.</doc>
<msg timestamp="20240912 19:29:19.512" level="INFO">Slept 1 minute</msg>
<status status="PASS" starttime="20240912 19:28:19.504" endtime="20240912 19:29:19.517"/>
</kw>
<status status="PASS" starttime="20240912 19:28:19.501" endtime="20240912 19:29:19.518"/>
</iter>
<iter>
<var name="${i}">158</var>
<kw name="Get Current Date" library="DateTime">
<var>${current_time}</var>
<arg>result_format=datetime</arg>
<doc>Returns current local or UTC time with an optional increment.</doc>
<msg timestamp="20240912 19:29:19.523" level="INFO">${current_time} = 2024-09-12 19:29:19.522180</msg>
<status status="PASS" starttime="20240912 19:29:19.520" endtime="20240912 19:29:19.523"/>
</kw>
<kw name="Convert Date" library="DateTime">
<var>${formatted_time}</var>
<arg>${current_time}</arg>
<arg>result_format=%H:%M</arg>
<doc>Converts between supported `date formats`.</doc>
<msg timestamp="20240912 19:29:19.524" level="INFO">${formatted_time} = 19:29</msg>
<status status="PASS" starttime="20240912 19:29:19.523" endtime="20240912 19:29:19.524"/>
</kw>
<kw name="Log To Console" library="BuiltIn">
<arg>Current time: ${formatted_time}</arg>
<doc>Logs the given message to the console.</doc>
<status status="PASS" starttime="20240912 19:29:19.524" endtime="20240912 19:29:19.525"/>
</kw>
<kw name="Run Keyword If" library="BuiltIn">
<arg>'${formatted_time}' == '${SCHEDULED_TIME}' or '${formatted_time}' == '${MANUAL_RUN_TIME}'</arg>
<arg>Run Python Script</arg>
<arg>${formatted_time}</arg>
<arg>ELSE</arg>
<arg>Log To Console</arg>
<arg>Not time to run script yet (${formatted_time})</arg>
<doc>Runs the given keyword with the given arguments, if ``condition`` is true.</doc>
<kw name="Log To Console" library="BuiltIn">
<arg>Not time to run script yet (${formatted_time})</arg>
<doc>Logs the given message to the console.</doc>
<status status="PASS" starttime="20240912 19:29:19.528" endtime="20240912 19:29:19.529"/>
</kw>
<status status="PASS" starttime="20240912 19:29:19.525" endtime="20240912 19:29:19.529"/>
</kw>
<kw name="Sleep" library="BuiltIn">
<arg>60s</arg>
<doc>Pauses the test executed for the given time.</doc>
<msg timestamp="20240912 19:30:19.531" level="INFO">Slept 1 minute</msg>
<status status="PASS" starttime="20240912 19:29:19.529" endtime="20240912 19:30:19.533"/>
</kw>
<status status="PASS" starttime="20240912 19:29:19.519" endtime="20240912 19:30:19.533"/>
</iter>
<iter>
<var name="${i}">159</var>
<kw name="Get Current Date" library="DateTime">
<var>${current_time}</var>
<arg>result_format=datetime</arg>
<doc>Returns current local or UTC time with an optional increment.</doc>
<msg timestamp="20240912 19:30:19.535" level="INFO">${current_time} = 2024-09-12 19:30:19.535229</msg>
<status status="PASS" starttime="20240912 19:30:19.534" endtime="20240912 19:30:19.535"/>
</kw>
<kw name="Convert Date" library="DateTime">
<var>${formatted_time}</var>
<arg>${current_time}</arg>
<arg>result_format=%H:%M</arg>
<doc>Converts between supported `date formats`.</doc>
<msg timestamp="20240912 19:30:19.536" level="INFO">${formatted_time} = 19:30</msg>
<status status="PASS" starttime="20240912 19:30:19.536" endtime="20240912 19:30:19.536"/>
</kw>
<kw name="Log To Console" library="BuiltIn">
<arg>Current time: ${formatted_time}</arg>
<doc>Logs the given message to the console.</doc>
<status status="PASS" starttime="20240912 19:30:19.536" endtime="20240912 19:30:19.537"/>
</kw>
<kw name="Run Keyword If" library="BuiltIn">
<arg>'${formatted_time}' == '${SCHEDULED_TIME}' or '${formatted_time}' == '${MANUAL_RUN_TIME}'</arg>
<arg>Run Python Script</arg>
<arg>${formatted_time}</arg>
<arg>ELSE</arg>
<arg>Log To Console</arg>
<arg>Not time to run script yet (${formatted_time})</arg>
<doc>Runs the given keyword with the given arguments, if ``condition`` is true.</doc>
<kw name="Log To Console" library="BuiltIn">
<arg>Not time to run script yet (${formatted_time})</arg>
<doc>Logs the given message to the console.</doc>
<status status="PASS" starttime="20240912 19:30:19.540" endtime="20240912 19:30:19.540"/>
</kw>
<status status="PASS" starttime="20240912 19:30:19.537" endtime="20240912 19:30:19.540"/>
</kw>
<kw name="Sleep" library="BuiltIn">
<arg>60s</arg>
<doc>Pauses the test executed for the given time.</doc>
<msg timestamp="20240912 19:31:19.542" level="INFO">Slept 1 minute</msg>
<status status="PASS" starttime="20240912 19:30:19.540" endtime="20240912 19:31:19.543"/>
</kw>
<status status="PASS" starttime="20240912 19:30:19.534" endtime="20240912 19:31:19.544"/>
</iter>
<iter>
<var name="${i}">160</var>
<kw name="Get Current Date" library="DateTime">
<var>${current_time}</var>
<arg>result_format=datetime</arg>
<doc>Returns current local or UTC time with an optional increment.</doc>
<msg timestamp="20240912 19:31:19.546" level="INFO">${current_time} = 2024-09-12 19:31:19.546142</msg>
<status status="PASS" starttime="20240912 19:31:19.546" endtime="20240912 19:31:19.546"/>
</kw>
<kw name="Convert Date" library="DateTime">
<var>${formatted_time}</var>
<arg>${current_time}</arg>
<arg>result_format=%H:%M</arg>
<doc>Converts between supported `date formats`.</doc>
<msg timestamp="20240912 19:31:19.547" level="INFO">${formatted_time} = 19:31</msg>
<status status="PASS" starttime="20240912 19:31:19.546" endtime="20240912 19:31:19.547"/>
</kw>
<kw name="Log To Console" library="BuiltIn">
<arg>Current time: ${formatted_time}</arg>
<doc>Logs the given message to the console.</doc>
<status status="PASS" starttime="20240912 19:31:19.547" endtime="20240912 19:31:19.547"/>
</kw>
<kw name="Run Keyword If" library="BuiltIn">
<arg>'${formatted_time}' == '${SCHEDULED_TIME}' or '${formatted_time}' == '${MANUAL_RUN_TIME}'</arg>
<arg>Run Python Script</arg>
<arg>${formatted_time}</arg>
<arg>ELSE</arg>
<arg>Log To Console</arg>
<arg>Not time to run script yet (${formatted_time})</arg>
<doc>Runs the given keyword with the given arguments, if ``condition`` is true.</doc>
<kw name="Log To Console" library="BuiltIn">
<arg>Not time to run script yet (${formatted_time})</arg>
<doc>Logs the given message to the console.</doc>
<status status="PASS" starttime="20240912 19:31:19.548" endtime="20240912 19:31:19.548"/>
</kw>
<status status="PASS" starttime="20240912 19:31:19.547" endtime="20240912 19:31:19.548"/>
</kw>
<kw name="Sleep" library="BuiltIn">
<arg>60s</arg>
<doc>Pauses the test executed for the given time.</doc>
<msg timestamp="20240912 19:32:19.552" level="INFO">Slept 1 minute</msg>
<status status="PASS" starttime="20240912 19:31:19.549" endtime="20240912 19:32:19.554"/>
</kw>
<status status="PASS" starttime="20240912 19:31:19.545" endtime="20240912 19:32:19.554"/>
</iter>
<iter>
<var name="${i}">161</var>
<kw name="Get Current Date" library="DateTime">
<var>${current_time}</var>
<arg>result_format=datetime</arg>
<doc>Returns current local or UTC time with an optional increment.</doc>
<msg timestamp="20240912 19:32:19.557" level="INFO">${current_time} = 2024-09-12 19:32:19.556788</msg>
<status status="PASS" starttime="20240912 19:32:19.556" endtime="20240912 19:32:19.557"/>
</kw>
<kw name="Convert Date" library="DateTime">
<var>${formatted_time}</var>
<arg>${current_time}</arg>
<arg>result_format=%H:%M</arg>
<doc>Converts between supported `date formats`.</doc>
<msg timestamp="20240912 19:32:19.558" level="INFO">${formatted_time} = 19:32</msg>
<status status="PASS" starttime="20240912 19:32:19.557" endtime="20240912 19:32:19.558"/>
</kw>
<kw name="Log To Console" library="BuiltIn">
<arg>Current time: ${formatted_time}</arg>
<doc>Logs the given message to the console.</doc>
<status status="PASS" starttime="20240912 19:32:19.558" endtime="20240912 19:32:19.558"/>
</kw>
<kw name="Run Keyword If" library="BuiltIn">
<arg>'${formatted_time}' == '${SCHEDULED_TIME}' or '${formatted_time}' == '${MANUAL_RUN_TIME}'</arg>
<arg>Run Python Script</arg>
<arg>${formatted_time}</arg>
<arg>ELSE</arg>
<arg>Log To Console</arg>
<arg>Not time to run script yet (${formatted_time})</arg>
<doc>Runs the given keyword with the given arguments, if ``condition`` is true.</doc>
<kw name="Log To Console" library="BuiltIn">
<arg>Not time to run script yet (${formatted_time})</arg>
<doc>Logs the given message to the console.</doc>
<status status="PASS" starttime="20240912 19:32:19.559" endtime="20240912 19:32:19.559"/>
</kw>
<status status="PASS" starttime="20240912 19:32:19.558" endtime="20240912 19:32:19.559"/>
</kw>
<kw name="Sleep" library="BuiltIn">
<arg>60s</arg>
<doc>Pauses the test executed for the given time.</doc>
<msg timestamp="20240912 19:33:19.565" level="INFO">Slept 1 minute</msg>
<status status="PASS" starttime="20240912 19:32:19.559" endtime="20240912 19:33:19.569"/>
</kw>
<status status="PASS" starttime="20240912 19:32:19.555" endtime="20240912 19:33:19.570"/>
</iter>
<iter>
<var name="${i}">162</var>
<kw name="Get Current Date" library="DateTime">
<var>${current_time}</var>
<arg>result_format=datetime</arg>
<doc>Returns current local or UTC time with an optional increment.</doc>
<msg timestamp="20240912 19:33:19.574" level="INFO">${current_time} = 2024-09-12 19:33:19.573468</msg>
<status status="PASS" starttime="20240912 19:33:19.573" endtime="20240912 19:33:19.574"/>
</kw>
<kw name="Convert Date" library="DateTime">
<var>${formatted_time}</var>
<arg>${current_time}</arg>
<arg>result_format=%H:%M</arg>
<doc>Converts between supported `date formats`.</doc>
<msg timestamp="20240912 19:33:19.574" level="INFO">${formatted_time} = 19:33</msg>
<status status="PASS" starttime="20240912 19:33:19.574" endtime="20240912 19:33:19.574"/>
</kw>
<kw name="Log To Console" library="BuiltIn">
<arg>Current time: ${formatted_time}</arg>
<doc>